{"/Users/royshen/WorkRepo/std_library/src/util.js":{"path":"/Users/royshen/WorkRepo/std_library/src/util.js","statementMap":{"0":{"start":{"line":14,"column":0},"end":{"line":197,"column":50}},"1":{"start":{"line":15,"column":21},"end":{"line":15,"column":30}},"2":{"start":{"line":18,"column":18},"end":{"line":18,"column":19}},"3":{"start":{"line":20,"column":15},"end":{"line":185,"column":3}},"4":{"start":{"line":22,"column":54},"end":{"line":22,"column":72}},"5":{"start":{"line":22,"column":81},"end":{"line":22,"column":87}},"6":{"start":{"line":23,"column":52},"end":{"line":23,"column":72}},"7":{"start":{"line":23,"column":81},"end":{"line":23,"column":87}},"8":{"start":{"line":24,"column":53},"end":{"line":24,"column":74}},"9":{"start":{"line":24,"column":83},"end":{"line":24,"column":89}},"10":{"start":{"line":25,"column":38},"end":{"line":25,"column":59}},"11":{"start":{"line":25,"column":68},"end":{"line":25,"column":74}},"12":{"start":{"line":26,"column":24},"end":{"line":26,"column":51}},"13":{"start":{"line":27,"column":41},"end":{"line":27,"column":75}},"14":{"start":{"line":28,"column":42},"end":{"line":28,"column":77}},"15":{"start":{"line":29,"column":42},"end":{"line":29,"column":77}},"16":{"start":{"line":30,"column":43},"end":{"line":30,"column":79}},"17":{"start":{"line":31,"column":24},"end":{"line":31,"column":58}},"18":{"start":{"line":41,"column":6},"end":{"line":41,"column":41}},"19":{"start":{"line":41,"column":33},"end":{"line":41,"column":41}},"20":{"start":{"line":42,"column":6},"end":{"line":42,"column":22}},"21":{"start":{"line":42,"column":14},"end":{"line":42,"column":22}},"22":{"start":{"line":43,"column":6},"end":{"line":49,"column":7}},"23":{"start":{"line":44,"column":8},"end":{"line":44,"column":17}},"24":{"start":{"line":45,"column":8},"end":{"line":47,"column":9}},"25":{"start":{"line":46,"column":10},"end":{"line":46,"column":48}},"26":{"start":{"line":48,"column":8},"end":{"line":48,"column":19}},"27":{"start":{"line":50,"column":6},"end":{"line":56,"column":7}},"28":{"start":{"line":51,"column":8},"end":{"line":51,"column":24}},"29":{"start":{"line":52,"column":8},"end":{"line":54,"column":9}},"30":{"start":{"line":53,"column":10},"end":{"line":53,"column":72}},"31":{"start":{"line":55,"column":8},"end":{"line":55,"column":19}},"32":{"start":{"line":57,"column":6},"end":{"line":61,"column":7}},"33":{"start":{"line":58,"column":8},"end":{"line":58,"column":24}},"34":{"start":{"line":59,"column":8},"end":{"line":59,"column":59}},"35":{"start":{"line":59,"column":23},"end":{"line":59,"column":58}},"36":{"start":{"line":60,"column":8},"end":{"line":60,"column":19}},"37":{"start":{"line":62,"column":6},"end":{"line":64,"column":7}},"38":{"start":{"line":63,"column":8},"end":{"line":63,"column":94}},"39":{"start":{"line":66,"column":6},"end":{"line":160,"column":7}},"40":{"start":{"line":67,"column":8},"end":{"line":159,"column":9}},"41":{"start":{"line":68,"column":10},"end":{"line":68,"column":47}},"42":{"start":{"line":70,"column":10},"end":{"line":70,"column":46}},"43":{"start":{"line":72,"column":12},"end":{"line":72,"column":41}},"44":{"start":{"line":72,"column":28},"end":{"line":72,"column":41}},"45":{"start":{"line":73,"column":22},"end":{"line":73,"column":30}},"46":{"start":{"line":74,"column":12},"end":{"line":74,"column":40}},"47":{"start":{"line":74,"column":32},"end":{"line":74,"column":40}},"48":{"start":{"line":76,"column":12},"end":{"line":80,"column":13}},"49":{"start":{"line":77,"column":14},"end":{"line":77,"column":61}},"50":{"start":{"line":79,"column":14},"end":{"line":79,"column":29}},"51":{"start":{"line":81,"column":12},"end":{"line":81,"column":40}},"52":{"start":{"line":81,"column":32},"end":{"line":81,"column":40}},"53":{"start":{"line":82,"column":12},"end":{"line":82,"column":49}},"54":{"start":{"line":82,"column":41},"end":{"line":82,"column":49}},"55":{"start":{"line":83,"column":12},"end":{"line":90,"column":13}},"56":{"start":{"line":84,"column":14},"end":{"line":86,"column":15}},"57":{"start":{"line":85,"column":16},"end":{"line":85,"column":31}},"58":{"start":{"line":87,"column":14},"end":{"line":87,"column":30}},"59":{"start":{"line":89,"column":14},"end":{"line":89,"column":30}},"60":{"start":{"line":93,"column":20},"end":{"line":93,"column":27}},"61":{"start":{"line":94,"column":12},"end":{"line":94,"column":50}},"62":{"start":{"line":97,"column":12},"end":{"line":97,"column":65}},"63":{"start":{"line":99,"column":29},"end":{"line":99,"column":42}},"64":{"start":{"line":100,"column":20},"end":{"line":100,"column":27}},"65":{"start":{"line":101,"column":21},"end":{"line":101,"column":22}},"66":{"start":{"line":102,"column":10},"end":{"line":106,"column":11}},"67":{"start":{"line":103,"column":12},"end":{"line":103,"column":21}},"68":{"start":{"line":104,"column":17},"end":{"line":106,"column":11}},"69":{"start":{"line":105,"column":12},"end":{"line":105,"column":21}},"70":{"start":{"line":107,"column":27},"end":{"line":111,"column":12}},"71":{"start":{"line":112,"column":10},"end":{"line":156,"column":11}},"72":{"start":{"line":113,"column":25},"end":{"line":113,"column":39}},"73":{"start":{"line":114,"column":27},"end":{"line":114,"column":38}},"74":{"start":{"line":115,"column":24},"end":{"line":115,"column":32}},"75":{"start":{"line":116,"column":27},"end":{"line":116,"column":36}},"76":{"start":{"line":117,"column":23},"end":{"line":117,"column":35}},"77":{"start":{"line":118,"column":25},"end":{"line":118,"column":31}},"78":{"start":{"line":119,"column":12},"end":{"line":119,"column":91}},"79":{"start":{"line":119,"column":44},"end":{"line":119,"column":91}},"80":{"start":{"line":120,"column":12},"end":{"line":127,"column":13}},"81":{"start":{"line":121,"column":35},"end":{"line":121,"column":57}},"82":{"start":{"line":122,"column":14},"end":{"line":125,"column":15}},"83":{"start":{"line":123,"column":16},"end":{"line":123,"column":42}},"84":{"start":{"line":124,"column":16},"end":{"line":124,"column":24}},"85":{"start":{"line":126,"column":14},"end":{"line":126,"column":44}},"86":{"start":{"line":128,"column":12},"end":{"line":155,"column":13}},"87":{"start":{"line":129,"column":14},"end":{"line":139,"column":15}},"88":{"start":{"line":129,"column":27},"end":{"line":129,"column":28}},"89":{"start":{"line":130,"column":16},"end":{"line":138,"column":17}},"90":{"start":{"line":131,"column":18},"end":{"line":135,"column":20}},"91":{"start":{"line":137,"column":18},"end":{"line":137,"column":39}},"92":{"start":{"line":140,"column":19},"end":{"line":155,"column":13}},"93":{"start":{"line":141,"column":14},"end":{"line":154,"column":15}},"94":{"start":{"line":142,"column":16},"end":{"line":153,"column":17}},"95":{"start":{"line":143,"column":18},"end":{"line":143,"column":56}},"96":{"start":{"line":143,"column":48},"end":{"line":143,"column":56}},"97":{"start":{"line":144,"column":18},"end":{"line":152,"column":19}},"98":{"start":{"line":145,"column":20},"end":{"line":149,"column":22}},"99":{"start":{"line":151,"column":20},"end":{"line":151,"column":41}},"100":{"start":{"line":157,"column":10},"end":{"line":157,"column":48}},"101":{"start":{"line":158,"column":10},"end":{"line":158,"column":21}},"102":{"start":{"line":162,"column":6},"end":{"line":162,"column":15}},"103":{"start":{"line":163,"column":6},"end":{"line":167,"column":7}},"104":{"start":{"line":164,"column":8},"end":{"line":166,"column":9}},"105":{"start":{"line":165,"column":10},"end":{"line":165,"column":48}},"106":{"start":{"line":168,"column":6},"end":{"line":168,"column":17}},"107":{"start":{"line":170,"column":22},"end":{"line":170,"column":55}},"108":{"start":{"line":171,"column":26},"end":{"line":171,"column":33}},"109":{"start":{"line":172,"column":27},"end":{"line":172,"column":33}},"110":{"start":{"line":173,"column":28},"end":{"line":173,"column":33}},"111":{"start":{"line":174,"column":28},"end":{"line":174,"column":91}},"112":{"start":{"line":176,"column":18},"end":{"line":176,"column":25}},"113":{"start":{"line":177,"column":6},"end":{"line":177,"column":23}},"114":{"start":{"line":178,"column":6},"end":{"line":178,"column":19}},"115":{"start":{"line":181,"column":18},"end":{"line":181,"column":49}},"116":{"start":{"line":182,"column":6},"end":{"line":182,"column":47}},"117":{"start":{"line":183,"column":6},"end":{"line":183,"column":19}},"118":{"start":{"line":187,"column":2},"end":{"line":191,"column":3}},"119":{"start":{"line":188,"column":4},"end":{"line":188,"column":39}},"120":{"start":{"line":188,"column":25},"end":{"line":188,"column":36}},"121":{"start":{"line":189,"column":9},"end":{"line":191,"column":3}},"122":{"start":{"line":190,"column":4},"end":{"line":190,"column":25}},"123":{"start":{"line":193,"column":2},"end":{"line":193,"column":39}},"124":{"start":{"line":195,"column":2},"end":{"line":195,"column":13}}},"fnMap":{"0":{"name":"(anonymous_0)","decl":{"start":{"line":14,"column":1},"end":{"line":14,"column":2}},"loc":{"start":{"line":14,"column":16},"end":{"line":197,"column":1}},"line":14},"1":{"name":"(anonymous_1)","decl":{"start":{"line":22,"column":43},"end":{"line":22,"column":44}},"loc":{"start":{"line":22,"column":54},"end":{"line":22,"column":72}},"line":22},"2":{"name":"(anonymous_2)","decl":{"start":{"line":22,"column":75},"end":{"line":22,"column":76}},"loc":{"start":{"line":22,"column":81},"end":{"line":22,"column":87}},"line":22},"3":{"name":"(anonymous_3)","decl":{"start":{"line":23,"column":39},"end":{"line":23,"column":40}},"loc":{"start":{"line":23,"column":52},"end":{"line":23,"column":72}},"line":23},"4":{"name":"(anonymous_4)","decl":{"start":{"line":23,"column":75},"end":{"line":23,"column":76}},"loc":{"start":{"line":23,"column":81},"end":{"line":23,"column":87}},"line":23},"5":{"name":"(anonymous_5)","decl":{"start":{"line":24,"column":40},"end":{"line":24,"column":41}},"loc":{"start":{"line":24,"column":53},"end":{"line":24,"column":74}},"line":24},"6":{"name":"(anonymous_6)","decl":{"start":{"line":24,"column":77},"end":{"line":24,"column":78}},"loc":{"start":{"line":24,"column":83},"end":{"line":24,"column":89}},"line":24},"7":{"name":"(anonymous_7)","decl":{"start":{"line":25,"column":26},"end":{"line":25,"column":27}},"loc":{"start":{"line":25,"column":38},"end":{"line":25,"column":59}},"line":25},"8":{"name":"(anonymous_8)","decl":{"start":{"line":25,"column":62},"end":{"line":25,"column":63}},"loc":{"start":{"line":25,"column":68},"end":{"line":25,"column":74}},"line":25},"9":{"name":"(anonymous_9)","decl":{"start":{"line":26,"column":12},"end":{"line":26,"column":13}},"loc":{"start":{"line":26,"column":24},"end":{"line":26,"column":51}},"line":26},"10":{"name":"(anonymous_10)","decl":{"start":{"line":27,"column":13},"end":{"line":27,"column":14}},"loc":{"start":{"line":27,"column":41},"end":{"line":27,"column":75}},"line":27},"11":{"name":"(anonymous_11)","decl":{"start":{"line":28,"column":14},"end":{"line":28,"column":15}},"loc":{"start":{"line":28,"column":42},"end":{"line":28,"column":77}},"line":28},"12":{"name":"(anonymous_12)","decl":{"start":{"line":29,"column":14},"end":{"line":29,"column":15}},"loc":{"start":{"line":29,"column":42},"end":{"line":29,"column":77}},"line":29},"13":{"name":"(anonymous_13)","decl":{"start":{"line":30,"column":15},"end":{"line":30,"column":16}},"loc":{"start":{"line":30,"column":43},"end":{"line":30,"column":79}},"line":30},"14":{"name":"(anonymous_14)","decl":{"start":{"line":31,"column":14},"end":{"line":31,"column":15}},"loc":{"start":{"line":31,"column":24},"end":{"line":31,"column":58}},"line":31},"15":{"name":"(anonymous_15)","decl":{"start":{"line":39,"column":4},"end":{"line":39,"column":5}},"loc":{"start":{"line":39,"column":52},"end":{"line":169,"column":5}},"line":39},"16":{"name":"(anonymous_16)","decl":{"start":{"line":59,"column":18},"end":{"line":59,"column":19}},"loc":{"start":{"line":59,"column":23},"end":{"line":59,"column":58}},"line":59},"17":{"name":"type","decl":{"start":{"line":71,"column":19},"end":{"line":71,"column":23}},"loc":{"start":{"line":71,"column":27},"end":{"line":91,"column":11}},"line":71},"18":{"name":"isClone","decl":{"start":{"line":92,"column":19},"end":{"line":92,"column":26}},"loc":{"start":{"line":92,"column":30},"end":{"line":95,"column":11}},"line":92},"19":{"name":"hasOwnProp","decl":{"start":{"line":96,"column":19},"end":{"line":96,"column":29}},"loc":{"start":{"line":96,"column":40},"end":{"line":98,"column":11}},"line":96},"20":{"name":"(anonymous_20)","decl":{"start":{"line":170,"column":15},"end":{"line":170,"column":16}},"loc":{"start":{"line":170,"column":22},"end":{"line":170,"column":55}},"line":170},"21":{"name":"(anonymous_21)","decl":{"start":{"line":171,"column":16},"end":{"line":171,"column":17}},"loc":{"start":{"line":171,"column":26},"end":{"line":171,"column":33}},"line":171},"22":{"name":"(anonymous_22)","decl":{"start":{"line":172,"column":17},"end":{"line":172,"column":18}},"loc":{"start":{"line":172,"column":27},"end":{"line":172,"column":33}},"line":172},"23":{"name":"(anonymous_23)","decl":{"start":{"line":173,"column":18},"end":{"line":173,"column":19}},"loc":{"start":{"line":173,"column":28},"end":{"line":173,"column":33}},"line":173},"24":{"name":"(anonymous_24)","decl":{"start":{"line":174,"column":12},"end":{"line":174,"column":13}},"loc":{"start":{"line":174,"column":28},"end":{"line":174,"column":91}},"line":174},"25":{"name":"(anonymous_25)","decl":{"start":{"line":175,"column":12},"end":{"line":175,"column":13}},"loc":{"start":{"line":175,"column":28},"end":{"line":179,"column":5}},"line":175},"26":{"name":"(anonymous_26)","decl":{"start":{"line":180,"column":4},"end":{"line":180,"column":5}},"loc":{"start":{"line":180,"column":23},"end":{"line":184,"column":5}},"line":180},"27":{"name":"(anonymous_27)","decl":{"start":{"line":188,"column":11},"end":{"line":188,"column":12}},"loc":{"start":{"line":188,"column":23},"end":{"line":188,"column":38}},"line":188}},"branchMap":{"0":{"loc":{"start":{"line":22,"column":15},"end":{"line":22,"column":87}},"type":"cond-expr","locations":[{"start":{"line":22,"column":43},"end":{"line":22,"column":72}},{"start":{"line":22,"column":75},"end":{"line":22,"column":87}}],"line":22},"1":{"loc":{"start":{"line":22,"column":15},"end":{"line":22,"column":40}},"type":"binary-expr","locations":[{"start":{"line":22,"column":15},"end":{"line":22,"column":26}},{"start":{"line":22,"column":30},"end":{"line":22,"column":40}}],"line":22},"2":{"loc":{"start":{"line":23,"column":11},"end":{"line":23,"column":87}},"type":"cond-expr","locations":[{"start":{"line":23,"column":39},"end":{"line":23,"column":72}},{"start":{"line":23,"column":75},"end":{"line":23,"column":87}}],"line":23},"3":{"loc":{"start":{"line":23,"column":11},"end":{"line":23,"column":36}},"type":"binary-expr","locations":[{"start":{"line":23,"column":11},"end":{"line":23,"column":22}},{"start":{"line":23,"column":26},"end":{"line":23,"column":36}}],"line":23},"4":{"loc":{"start":{"line":24,"column":12},"end":{"line":24,"column":89}},"type":"cond-expr","locations":[{"start":{"line":24,"column":40},"end":{"line":24,"column":74}},{"start":{"line":24,"column":77},"end":{"line":24,"column":89}}],"line":24},"5":{"loc":{"start":{"line":24,"column":12},"end":{"line":24,"column":37}},"type":"binary-expr","locations":[{"start":{"line":24,"column":12},"end":{"line":24,"column":23}},{"start":{"line":24,"column":27},"end":{"line":24,"column":37}}],"line":24},"6":{"loc":{"start":{"line":25,"column":13},"end":{"line":25,"column":74}},"type":"cond-expr","locations":[{"start":{"line":25,"column":26},"end":{"line":25,"column":59}},{"start":{"line":25,"column":62},"end":{"line":25,"column":74}}],"line":25},"7":{"loc":{"start":{"line":27,"column":41},"end":{"line":27,"column":75}},"type":"binary-expr","locations":[{"start":{"line":27,"column":41},"end":{"line":27,"column":56}},{"start":{"line":27,"column":60},"end":{"line":27,"column":75}}],"line":27},"8":{"loc":{"start":{"line":28,"column":42},"end":{"line":28,"column":77}},"type":"binary-expr","locations":[{"start":{"line":28,"column":42},"end":{"line":28,"column":58}},{"start":{"line":28,"column":62},"end":{"line":28,"column":77}}],"line":28},"9":{"loc":{"start":{"line":29,"column":42},"end":{"line":29,"column":77}},"type":"binary-expr","locations":[{"start":{"line":29,"column":42},"end":{"line":29,"column":57}},{"start":{"line":29,"column":61},"end":{"line":29,"column":77}}],"line":29},"10":{"loc":{"start":{"line":30,"column":43},"end":{"line":30,"column":79}},"type":"binary-expr","locations":[{"start":{"line":30,"column":43},"end":{"line":30,"column":59}},{"start":{"line":30,"column":63},"end":{"line":30,"column":79}}],"line":30},"11":{"loc":{"start":{"line":39,"column":25},"end":{"line":39,"column":50}},"type":"default-arg","locations":[{"start":{"line":39,"column":45},"end":{"line":39,"column":50}}],"line":39},"12":{"loc":{"start":{"line":41,"column":6},"end":{"line":41,"column":41}},"type":"if","locations":[{"start":{"line":41,"column":6},"end":{"line":41,"column":41}},{"start":{"line":41,"column":6},"end":{"line":41,"column":41}}],"line":41},"13":{"loc":{"start":{"line":42,"column":6},"end":{"line":42,"column":22}},"type":"if","locations":[{"start":{"line":42,"column":6},"end":{"line":42,"column":22}},{"start":{"line":42,"column":6},"end":{"line":42,"column":22}}],"line":42},"14":{"loc":{"start":{"line":43,"column":6},"end":{"line":49,"column":7}},"type":"if","locations":[{"start":{"line":43,"column":6},"end":{"line":49,"column":7}},{"start":{"line":43,"column":6},"end":{"line":49,"column":7}}],"line":43},"15":{"loc":{"start":{"line":50,"column":6},"end":{"line":56,"column":7}},"type":"if","locations":[{"start":{"line":50,"column":6},"end":{"line":56,"column":7}},{"start":{"line":50,"column":6},"end":{"line":56,"column":7}}],"line":50},"16":{"loc":{"start":{"line":57,"column":6},"end":{"line":61,"column":7}},"type":"if","locations":[{"start":{"line":57,"column":6},"end":{"line":61,"column":7}},{"start":{"line":57,"column":6},"end":{"line":61,"column":7}}],"line":57},"17":{"loc":{"start":{"line":62,"column":6},"end":{"line":64,"column":7}},"type":"if","locations":[{"start":{"line":62,"column":6},"end":{"line":64,"column":7}},{"start":{"line":62,"column":6},"end":{"line":64,"column":7}}],"line":62},"18":{"loc":{"start":{"line":62,"column":10},"end":{"line":62,"column":77}},"type":"binary-expr","locations":[{"start":{"line":62,"column":10},"end":{"line":62,"column":30}},{"start":{"line":62,"column":34},"end":{"line":62,"column":54}},{"start":{"line":62,"column":58},"end":{"line":62,"column":77}}],"line":62},"19":{"loc":{"start":{"line":66,"column":6},"end":{"line":160,"column":7}},"type":"if","locations":[{"start":{"line":66,"column":6},"end":{"line":160,"column":7}},{"start":{"line":66,"column":6},"end":{"line":160,"column":7}}],"line":66},"20":{"loc":{"start":{"line":72,"column":12},"end":{"line":72,"column":41}},"type":"if","locations":[{"start":{"line":72,"column":12},"end":{"line":72,"column":41}},{"start":{"line":72,"column":12},"end":{"line":72,"column":41}}],"line":72},"21":{"loc":{"start":{"line":74,"column":12},"end":{"line":74,"column":40}},"type":"if","locations":[{"start":{"line":74,"column":12},"end":{"line":74,"column":40}},{"start":{"line":74,"column":12},"end":{"line":74,"column":40}}],"line":74},"22":{"loc":{"start":{"line":81,"column":12},"end":{"line":81,"column":40}},"type":"if","locations":[{"start":{"line":81,"column":12},"end":{"line":81,"column":40}},{"start":{"line":81,"column":12},"end":{"line":81,"column":40}}],"line":81},"23":{"loc":{"start":{"line":82,"column":12},"end":{"line":82,"column":49}},"type":"if","locations":[{"start":{"line":82,"column":12},"end":{"line":82,"column":49}},{"start":{"line":82,"column":12},"end":{"line":82,"column":49}}],"line":82},"24":{"loc":{"start":{"line":84,"column":14},"end":{"line":86,"column":15}},"type":"if","locations":[{"start":{"line":84,"column":14},"end":{"line":86,"column":15}},{"start":{"line":84,"column":14},"end":{"line":86,"column":15}}],"line":84},"25":{"loc":{"start":{"line":84,"column":18},"end":{"line":84,"column":75}},"type":"binary-expr","locations":[{"start":{"line":84,"column":18},"end":{"line":84,"column":51}},{"start":{"line":84,"column":55},"end":{"line":84,"column":75}}],"line":84},"26":{"loc":{"start":{"line":94,"column":19},"end":{"line":94,"column":50}},"type":"binary-expr","locations":[{"start":{"line":94,"column":19},"end":{"line":94,"column":33}},{"start":{"line":94,"column":37},"end":{"line":94,"column":50}}],"line":94},"27":{"loc":{"start":{"line":102,"column":10},"end":{"line":106,"column":11}},"type":"if","locations":[{"start":{"line":102,"column":10},"end":{"line":106,"column":11}},{"start":{"line":102,"column":10},"end":{"line":106,"column":11}}],"line":102},"28":{"loc":{"start":{"line":104,"column":17},"end":{"line":106,"column":11}},"type":"if","locations":[{"start":{"line":104,"column":17},"end":{"line":106,"column":11}},{"start":{"line":104,"column":17},"end":{"line":106,"column":11}}],"line":104},"29":{"loc":{"start":{"line":119,"column":12},"end":{"line":119,"column":91}},"type":"if","locations":[{"start":{"line":119,"column":12},"end":{"line":119,"column":91}},{"start":{"line":119,"column":12},"end":{"line":119,"column":91}}],"line":119},"30":{"loc":{"start":{"line":119,"column":67},"end":{"line":119,"column":91}},"type":"cond-expr","locations":[{"start":{"line":119,"column":84},"end":{"line":119,"column":86}},{"start":{"line":119,"column":89},"end":{"line":119,"column":91}}],"line":119},"31":{"loc":{"start":{"line":120,"column":12},"end":{"line":127,"column":13}},"type":"if","locations":[{"start":{"line":120,"column":12},"end":{"line":127,"column":13}},{"start":{"line":120,"column":12},"end":{"line":127,"column":13}}],"line":120},"32":{"loc":{"start":{"line":122,"column":14},"end":{"line":125,"column":15}},"type":"if","locations":[{"start":{"line":122,"column":14},"end":{"line":125,"column":15}},{"start":{"line":122,"column":14},"end":{"line":125,"column":15}}],"line":122},"33":{"loc":{"start":{"line":128,"column":12},"end":{"line":155,"column":13}},"type":"if","locations":[{"start":{"line":128,"column":12},"end":{"line":155,"column":13}},{"start":{"line":128,"column":12},"end":{"line":155,"column":13}}],"line":128},"34":{"loc":{"start":{"line":130,"column":16},"end":{"line":138,"column":17}},"type":"if","locations":[{"start":{"line":130,"column":16},"end":{"line":138,"column":17}},{"start":{"line":130,"column":16},"end":{"line":138,"column":17}}],"line":130},"35":{"loc":{"start":{"line":140,"column":19},"end":{"line":155,"column":13}},"type":"if","locations":[{"start":{"line":140,"column":19},"end":{"line":155,"column":13}},{"start":{"line":140,"column":19},"end":{"line":155,"column":13}}],"line":140},"36":{"loc":{"start":{"line":142,"column":16},"end":{"line":153,"column":17}},"type":"if","locations":[{"start":{"line":142,"column":16},"end":{"line":153,"column":17}},{"start":{"line":142,"column":16},"end":{"line":153,"column":17}}],"line":142},"37":{"loc":{"start":{"line":143,"column":18},"end":{"line":143,"column":56}},"type":"if","locations":[{"start":{"line":143,"column":18},"end":{"line":143,"column":56}},{"start":{"line":143,"column":18},"end":{"line":143,"column":56}}],"line":143},"38":{"loc":{"start":{"line":144,"column":18},"end":{"line":152,"column":19}},"type":"if","locations":[{"start":{"line":144,"column":18},"end":{"line":152,"column":19}},{"start":{"line":144,"column":18},"end":{"line":152,"column":19}}],"line":144},"39":{"loc":{"start":{"line":157,"column":10},"end":{"line":157,"column":48}},"type":"binary-expr","locations":[{"start":{"line":157,"column":10},"end":{"line":157,"column":26}},{"start":{"line":157,"column":30},"end":{"line":157,"column":48}}],"line":157},"40":{"loc":{"start":{"line":164,"column":8},"end":{"line":166,"column":9}},"type":"if","locations":[{"start":{"line":164,"column":8},"end":{"line":166,"column":9}},{"start":{"line":164,"column":8},"end":{"line":166,"column":9}}],"line":164},"41":{"loc":{"start":{"line":170,"column":22},"end":{"line":170,"column":55}},"type":"binary-expr","locations":[{"start":{"line":170,"column":22},"end":{"line":170,"column":39}},{"start":{"line":170,"column":43},"end":{"line":170,"column":55}}],"line":170},"42":{"loc":{"start":{"line":187,"column":2},"end":{"line":191,"column":3}},"type":"if","locations":[{"start":{"line":187,"column":2},"end":{"line":191,"column":3}},{"start":{"line":187,"column":2},"end":{"line":191,"column":3}}],"line":187},"43":{"loc":{"start":{"line":189,"column":9},"end":{"line":191,"column":3}},"type":"if","locations":[{"start":{"line":189,"column":9},"end":{"line":191,"column":3}},{"start":{"line":189,"column":9},"end":{"line":191,"column":3}}],"line":189},"44":{"loc":{"start":{"line":189,"column":13},"end":{"line":189,"column":59}},"type":"binary-expr","locations":[{"start":{"line":189,"column":13},"end":{"line":189,"column":41}},{"start":{"line":189,"column":45},"end":{"line":189,"column":59}}],"line":189},"45":{"loc":{"start":{"line":193,"column":2},"end":{"line":193,"column":39}},"type":"cond-expr","locations":[{"start":{"line":193,"column":13},"end":{"line":193,"column":21}},{"start":{"line":193,"column":24},"end":{"line":193,"column":39}}],"line":193},"46":{"loc":{"start":{"line":197,"column":2},"end":{"line":197,"column":48}},"type":"cond-expr","locations":[{"start":{"line":197,"column":33},"end":{"line":197,"column":39}},{"start":{"line":197,"column":42},"end":{"line":197,"column":48}}],"line":197}},"s":{"0":1,"1":1,"2":1,"3":1,"4":0,"5":50588,"6":0,"7":36391,"8":0,"9":16,"10":0,"11":0,"12":0,"13":0,"14":0,"15":0,"16":14141,"17":0,"18":1886493,"19":1886327,"20":166,"21":0,"22":166,"23":5,"24":5,"25":30,"26":5,"27":161,"28":1,"29":1,"30":140,"31":1,"32":160,"33":0,"34":0,"35":0,"36":0,"37":160,"38":0,"39":160,"40":4,"41":4,"42":0,"43":0,"44":0,"45":0,"46":0,"47":0,"48":0,"49":0,"50":0,"51":0,"52":0,"53":0,"54":0,"55":0,"56":0,"57":0,"58":0,"59":0,"60":0,"61":0,"62":0,"63":0,"64":0,"65":0,"66":0,"67":0,"68":0,"69":0,"70":0,"71":0,"72":0,"73":0,"74":0,"75":0,"76":0,"77":0,"78":0,"79":0,"80":0,"81":0,"82":0,"83":0,"84":0,"85":0,"86":0,"87":0,"88":0,"89":0,"90":0,"91":0,"92":0,"93":0,"94":0,"95":0,"96":0,"97":0,"98":0,"99":0,"100":0,"101":0,"102":156,"103":156,"104":376,"105":376,"106":156,"107":36484,"108":0,"109":0,"110":335657,"111":1,"112":0,"113":0,"114":0,"115":0,"116":0,"117":0,"118":1,"119":0,"120":0,"121":1,"122":1,"123":1,"124":1},"f":{"0":1,"1":0,"2":50588,"3":0,"4":36391,"5":0,"6":16,"7":0,"8":0,"9":0,"10":0,"11":0,"12":0,"13":14141,"14":0,"15":1886493,"16":0,"17":0,"18":0,"19":0,"20":36484,"21":0,"22":0,"23":335657,"24":1,"25":0,"26":0,"27":0},"b":{"0":[0,1],"1":[1,0],"2":[0,1],"3":[1,0],"4":[0,1],"5":[1,0],"6":[1,0],"7":[0,0],"8":[0,0],"9":[0,0],"10":[14141,14127],"11":[1886489],"12":[1886327,166],"13":[0,166],"14":[5,161],"15":[1,160],"16":[0,160],"17":[0,160],"18":[160,160,160],"19":[4,156],"20":[0,0],"21":[0,0],"22":[0,0],"23":[0,0],"24":[0,0],"25":[0,0],"26":[0,0],"27":[0,0],"28":[0,0],"29":[0,0],"30":[0,0],"31":[0,0],"32":[0,0],"33":[0,0],"34":[0,0],"35":[0,0],"36":[0,0],"37":[0,0],"38":[0,0],"39":[0,0],"40":[376,0],"41":[36484,36470],"42":[0,1],"43":[1,0],"44":[1,1],"45":[0,1],"46":[1,0]},"_coverageSchema":"43e27e138ebf9cfc5966b082cf9a028302ed4184","hash":"cfc195fdc20cab2153c72d6b39483cadfb13b4b4","contentHash":"ce9f1c7d5f3f9fb9ef54c0325ceccd1aebdd5311b6f65f56e9c558b33377067a"},"/Users/royshen/WorkRepo/std_library/src/list.js":{"path":"/Users/royshen/WorkRepo/std_library/src/list.js","statementMap":{"0":{"start":{"line":14,"column":0},"end":{"line":1595,"column":50}},"1":{"start":{"line":15,"column":15},"end":{"line":15,"column":32}},"2":{"start":{"line":36,"column":6},"end":{"line":36,"column":44}},"3":{"start":{"line":37,"column":6},"end":{"line":42,"column":7}},"4":{"start":{"line":54,"column":6},"end":{"line":54,"column":23}},"5":{"start":{"line":59,"column":6},"end":{"line":59,"column":34}},"6":{"start":{"line":64,"column":6},"end":{"line":64,"column":29}},"7":{"start":{"line":66,"column":6},"end":{"line":66,"column":41}},"8":{"start":{"line":74,"column":6},"end":{"line":77,"column":7}},"9":{"start":{"line":75,"column":8},"end":{"line":75,"column":85}},"10":{"start":{"line":76,"column":8},"end":{"line":76,"column":14}},"11":{"start":{"line":78,"column":6},"end":{"line":78,"column":45}},"12":{"start":{"line":79,"column":6},"end":{"line":79,"column":49}},"13":{"start":{"line":80,"column":6},"end":{"line":80,"column":29}},"14":{"start":{"line":81,"column":6},"end":{"line":81,"column":25}},"15":{"start":{"line":82,"column":6},"end":{"line":82,"column":37}},"16":{"start":{"line":83,"column":6},"end":{"line":83,"column":23}},"17":{"start":{"line":90,"column":6},"end":{"line":90,"column":23}},"18":{"start":{"line":91,"column":6},"end":{"line":91,"column":29}},"19":{"start":{"line":92,"column":6},"end":{"line":92,"column":25}},"20":{"start":{"line":93,"column":6},"end":{"line":93,"column":39}},"21":{"start":{"line":126,"column":6},"end":{"line":126,"column":43}},"22":{"start":{"line":128,"column":6},"end":{"line":133,"column":7}},"23":{"start":{"line":141,"column":6},"end":{"line":144,"column":7}},"24":{"start":{"line":142,"column":8},"end":{"line":142,"column":89}},"25":{"start":{"line":143,"column":8},"end":{"line":143,"column":24}},"26":{"start":{"line":146,"column":6},"end":{"line":146,"column":46}},"27":{"start":{"line":148,"column":6},"end":{"line":148,"column":34}},"28":{"start":{"line":156,"column":6},"end":{"line":156,"column":42}},"29":{"start":{"line":158,"column":6},"end":{"line":158,"column":28}},"30":{"start":{"line":167,"column":6},"end":{"line":167,"column":37}},"31":{"start":{"line":167,"column":31},"end":{"line":167,"column":37}},"32":{"start":{"line":169,"column":14},"end":{"line":169,"column":18}},"33":{"start":{"line":170,"column":18},"end":{"line":170,"column":19}},"34":{"start":{"line":172,"column":6},"end":{"line":175,"column":25}},"35":{"start":{"line":173,"column":8},"end":{"line":173,"column":45}},"36":{"start":{"line":173,"column":40},"end":{"line":173,"column":45}},"37":{"start":{"line":174,"column":8},"end":{"line":174,"column":21}},"38":{"start":{"line":177,"column":6},"end":{"line":177,"column":15}},"39":{"start":{"line":187,"column":6},"end":{"line":187,"column":26}},"40":{"start":{"line":192,"column":6},"end":{"line":192,"column":26}},"41":{"start":{"line":197,"column":6},"end":{"line":197,"column":22}},"42":{"start":{"line":199,"column":6},"end":{"line":223,"column":7}},"43":{"start":{"line":200,"column":8},"end":{"line":200,"column":43}},"44":{"start":{"line":202,"column":8},"end":{"line":222,"column":9}},"45":{"start":{"line":203,"column":10},"end":{"line":203,"column":44}},"46":{"start":{"line":205,"column":10},"end":{"line":207,"column":12}},"47":{"start":{"line":206,"column":12},"end":{"line":206,"column":61}},"48":{"start":{"line":208,"column":15},"end":{"line":222,"column":9}},"49":{"start":{"line":209,"column":10},"end":{"line":209,"column":50}},"50":{"start":{"line":211,"column":10},"end":{"line":213,"column":11}},"51":{"start":{"line":212,"column":12},"end":{"line":212,"column":28}},"52":{"start":{"line":215,"column":10},"end":{"line":215,"column":47}},"53":{"start":{"line":216,"column":23},"end":{"line":216,"column":50}},"54":{"start":{"line":218,"column":10},"end":{"line":218,"column":30}},"55":{"start":{"line":219,"column":10},"end":{"line":219,"column":30}},"56":{"start":{"line":221,"column":10},"end":{"line":221,"column":26}},"57":{"start":{"line":231,"column":6},"end":{"line":240,"column":8}},"58":{"start":{"line":234,"column":10},"end":{"line":238,"column":11}},"59":{"start":{"line":235,"column":12},"end":{"line":235,"column":45}},"60":{"start":{"line":237,"column":12},"end":{"line":237,"column":49}},"61":{"start":{"line":249,"column":21},"end":{"line":249,"column":32}},"62":{"start":{"line":251,"column":6},"end":{"line":254,"column":7}},"63":{"start":{"line":252,"column":8},"end":{"line":252,"column":62}},"64":{"start":{"line":253,"column":8},"end":{"line":253,"column":62}},"65":{"start":{"line":256,"column":16},"end":{"line":256,"column":25}},"66":{"start":{"line":258,"column":6},"end":{"line":258,"column":29}},"67":{"start":{"line":260,"column":6},"end":{"line":274,"column":7}},"68":{"start":{"line":261,"column":8},"end":{"line":266,"column":10}},"69":{"start":{"line":262,"column":10},"end":{"line":265,"column":11}},"70":{"start":{"line":263,"column":12},"end":{"line":263,"column":28}},"71":{"start":{"line":264,"column":12},"end":{"line":264,"column":21}},"72":{"start":{"line":268,"column":8},"end":{"line":273,"column":10}},"73":{"start":{"line":269,"column":10},"end":{"line":272,"column":11}},"74":{"start":{"line":270,"column":12},"end":{"line":270,"column":28}},"75":{"start":{"line":271,"column":12},"end":{"line":271,"column":21}},"76":{"start":{"line":275,"column":6},"end":{"line":275,"column":43}},"77":{"start":{"line":277,"column":6},"end":{"line":277,"column":16}},"78":{"start":{"line":285,"column":21},"end":{"line":285,"column":32}},"79":{"start":{"line":287,"column":6},"end":{"line":290,"column":7}},"80":{"start":{"line":288,"column":8},"end":{"line":288,"column":67}},"81":{"start":{"line":289,"column":8},"end":{"line":289,"column":53}},"82":{"start":{"line":295,"column":16},"end":{"line":295,"column":25}},"83":{"start":{"line":297,"column":6},"end":{"line":297,"column":29}},"84":{"start":{"line":299,"column":6},"end":{"line":313,"column":7}},"85":{"start":{"line":300,"column":8},"end":{"line":305,"column":10}},"86":{"start":{"line":301,"column":10},"end":{"line":304,"column":11}},"87":{"start":{"line":302,"column":12},"end":{"line":302,"column":22}},"88":{"start":{"line":303,"column":12},"end":{"line":303,"column":21}},"89":{"start":{"line":307,"column":8},"end":{"line":312,"column":10}},"90":{"start":{"line":308,"column":10},"end":{"line":311,"column":11}},"91":{"start":{"line":309,"column":12},"end":{"line":309,"column":22}},"92":{"start":{"line":310,"column":12},"end":{"line":310,"column":21}},"93":{"start":{"line":315,"column":6},"end":{"line":315,"column":48}},"94":{"start":{"line":317,"column":6},"end":{"line":317,"column":16}},"95":{"start":{"line":326,"column":21},"end":{"line":326,"column":32}},"96":{"start":{"line":328,"column":6},"end":{"line":331,"column":7}},"97":{"start":{"line":329,"column":8},"end":{"line":329,"column":68}},"98":{"start":{"line":330,"column":8},"end":{"line":330,"column":53}},"99":{"start":{"line":333,"column":16},"end":{"line":333,"column":25}},"100":{"start":{"line":335,"column":6},"end":{"line":335,"column":29}},"101":{"start":{"line":337,"column":6},"end":{"line":351,"column":7}},"102":{"start":{"line":338,"column":8},"end":{"line":343,"column":10}},"103":{"start":{"line":339,"column":10},"end":{"line":342,"column":11}},"104":{"start":{"line":340,"column":12},"end":{"line":340,"column":52}},"105":{"start":{"line":341,"column":12},"end":{"line":341,"column":21}},"106":{"start":{"line":345,"column":8},"end":{"line":350,"column":10}},"107":{"start":{"line":346,"column":10},"end":{"line":349,"column":11}},"108":{"start":{"line":347,"column":12},"end":{"line":347,"column":52}},"109":{"start":{"line":348,"column":12},"end":{"line":348,"column":21}},"110":{"start":{"line":353,"column":6},"end":{"line":353,"column":49}},"111":{"start":{"line":355,"column":6},"end":{"line":355,"column":16}},"112":{"start":{"line":369,"column":6},"end":{"line":372,"column":7}},"113":{"start":{"line":370,"column":8},"end":{"line":370,"column":84}},"114":{"start":{"line":371,"column":8},"end":{"line":371,"column":80}},"115":{"start":{"line":374,"column":6},"end":{"line":377,"column":7}},"116":{"start":{"line":375,"column":8},"end":{"line":375,"column":97}},"117":{"start":{"line":376,"column":8},"end":{"line":376,"column":94}},"118":{"start":{"line":378,"column":6},"end":{"line":381,"column":7}},"119":{"start":{"line":379,"column":8},"end":{"line":379,"column":97}},"120":{"start":{"line":380,"column":8},"end":{"line":380,"column":94}},"121":{"start":{"line":382,"column":6},"end":{"line":393,"column":7}},"122":{"start":{"line":383,"column":8},"end":{"line":392,"column":9}},"123":{"start":{"line":384,"column":10},"end":{"line":384,"column":42}},"124":{"start":{"line":385,"column":10},"end":{"line":387,"column":11}},"125":{"start":{"line":385,"column":24},"end":{"line":385,"column":25}},"126":{"start":{"line":386,"column":12},"end":{"line":386,"column":31}},"127":{"start":{"line":388,"column":10},"end":{"line":388,"column":21}},"128":{"start":{"line":390,"column":10},"end":{"line":390,"column":89}},"129":{"start":{"line":391,"column":10},"end":{"line":391,"column":94}},"130":{"start":{"line":394,"column":6},"end":{"line":397,"column":8}},"131":{"start":{"line":395,"column":8},"end":{"line":396,"column":27}},"132":{"start":{"line":396,"column":10},"end":{"line":396,"column":27}},"133":{"start":{"line":399,"column":6},"end":{"line":404,"column":7}},"134":{"start":{"line":400,"column":8},"end":{"line":400,"column":80}},"135":{"start":{"line":401,"column":8},"end":{"line":403,"column":9}},"136":{"start":{"line":401,"column":24},"end":{"line":401,"column":25}},"137":{"start":{"line":402,"column":10},"end":{"line":402,"column":29}},"138":{"start":{"line":405,"column":6},"end":{"line":405,"column":80}},"139":{"start":{"line":406,"column":6},"end":{"line":406,"column":17}},"140":{"start":{"line":410,"column":6},"end":{"line":410,"column":44}},"141":{"start":{"line":412,"column":18},"end":{"line":412,"column":20}},"142":{"start":{"line":414,"column":6},"end":{"line":416,"column":8}},"143":{"start":{"line":415,"column":8},"end":{"line":415,"column":52}},"144":{"start":{"line":418,"column":6},"end":{"line":418,"column":16}},"145":{"start":{"line":422,"column":6},"end":{"line":422,"column":47}},"146":{"start":{"line":424,"column":18},"end":{"line":424,"column":20}},"147":{"start":{"line":426,"column":6},"end":{"line":428,"column":8}},"148":{"start":{"line":427,"column":8},"end":{"line":427,"column":28}},"149":{"start":{"line":430,"column":6},"end":{"line":430,"column":16}},"150":{"start":{"line":434,"column":6},"end":{"line":437,"column":7}},"151":{"start":{"line":435,"column":8},"end":{"line":435,"column":90}},"152":{"start":{"line":436,"column":8},"end":{"line":436,"column":81}},"153":{"start":{"line":438,"column":19},"end":{"line":438,"column":55}},"154":{"start":{"line":439,"column":6},"end":{"line":441,"column":7}},"155":{"start":{"line":440,"column":8},"end":{"line":440,"column":40}},"156":{"start":{"line":442,"column":6},"end":{"line":442,"column":26}},"157":{"start":{"line":444,"column":6},"end":{"line":446,"column":7}},"158":{"start":{"line":445,"column":8},"end":{"line":445,"column":28}},"159":{"start":{"line":447,"column":6},"end":{"line":447,"column":20}},"160":{"start":{"line":448,"column":6},"end":{"line":448,"column":44}},"161":{"start":{"line":449,"column":6},"end":{"line":449,"column":17}},"162":{"start":{"line":453,"column":6},"end":{"line":456,"column":7}},"163":{"start":{"line":454,"column":8},"end":{"line":454,"column":89}},"164":{"start":{"line":455,"column":8},"end":{"line":455,"column":81}},"165":{"start":{"line":457,"column":19},"end":{"line":457,"column":55}},"166":{"start":{"line":458,"column":6},"end":{"line":460,"column":7}},"167":{"start":{"line":459,"column":8},"end":{"line":459,"column":36}},"168":{"start":{"line":461,"column":6},"end":{"line":461,"column":26}},"169":{"start":{"line":463,"column":6},"end":{"line":465,"column":7}},"170":{"start":{"line":464,"column":8},"end":{"line":464,"column":28}},"171":{"start":{"line":466,"column":6},"end":{"line":466,"column":20}},"172":{"start":{"line":467,"column":6},"end":{"line":467,"column":42}},"173":{"start":{"line":468,"column":6},"end":{"line":468,"column":17}},"174":{"start":{"line":477,"column":6},"end":{"line":477,"column":43}},"175":{"start":{"line":478,"column":6},"end":{"line":481,"column":7}},"176":{"start":{"line":479,"column":8},"end":{"line":479,"column":103}},"177":{"start":{"line":480,"column":8},"end":{"line":480,"column":97}},"178":{"start":{"line":482,"column":6},"end":{"line":482,"column":37}},"179":{"start":{"line":483,"column":6},"end":{"line":514,"column":7}},"180":{"start":{"line":484,"column":21},"end":{"line":484,"column":74}},"181":{"start":{"line":485,"column":8},"end":{"line":485,"column":48}},"182":{"start":{"line":486,"column":8},"end":{"line":486,"column":36}},"183":{"start":{"line":487,"column":8},"end":{"line":487,"column":22}},"184":{"start":{"line":488,"column":13},"end":{"line":514,"column":7}},"185":{"start":{"line":489,"column":8},"end":{"line":489,"column":27}},"186":{"start":{"line":491,"column":8},"end":{"line":513,"column":9}},"187":{"start":{"line":492,"column":10},"end":{"line":501,"column":12}},"188":{"start":{"line":493,"column":12},"end":{"line":500,"column":13}},"189":{"start":{"line":494,"column":28},"end":{"line":494,"column":37}},"190":{"start":{"line":495,"column":27},"end":{"line":495,"column":52}},"191":{"start":{"line":496,"column":14},"end":{"line":496,"column":30}},"192":{"start":{"line":497,"column":14},"end":{"line":497,"column":38}},"193":{"start":{"line":498,"column":14},"end":{"line":498,"column":28}},"194":{"start":{"line":499,"column":14},"end":{"line":499,"column":23}},"195":{"start":{"line":503,"column":10},"end":{"line":512,"column":12}},"196":{"start":{"line":504,"column":12},"end":{"line":511,"column":13}},"197":{"start":{"line":505,"column":28},"end":{"line":505,"column":37}},"198":{"start":{"line":506,"column":27},"end":{"line":506,"column":52}},"199":{"start":{"line":507,"column":14},"end":{"line":507,"column":30}},"200":{"start":{"line":508,"column":14},"end":{"line":508,"column":38}},"201":{"start":{"line":509,"column":14},"end":{"line":509,"column":28}},"202":{"start":{"line":510,"column":14},"end":{"line":510,"column":23}},"203":{"start":{"line":515,"column":6},"end":{"line":515,"column":17}},"204":{"start":{"line":519,"column":6},"end":{"line":519,"column":45}},"205":{"start":{"line":520,"column":16},"end":{"line":520,"column":58}},"206":{"start":{"line":521,"column":6},"end":{"line":528,"column":7}},"207":{"start":{"line":522,"column":8},"end":{"line":522,"column":44}},"208":{"start":{"line":523,"column":8},"end":{"line":523,"column":22}},"209":{"start":{"line":524,"column":13},"end":{"line":528,"column":7}},"210":{"start":{"line":525,"column":8},"end":{"line":525,"column":48}},"211":{"start":{"line":526,"column":8},"end":{"line":526,"column":45}},"212":{"start":{"line":527,"column":8},"end":{"line":527,"column":22}},"213":{"start":{"line":529,"column":6},"end":{"line":529,"column":16}},"214":{"start":{"line":533,"column":6},"end":{"line":533,"column":44}},"215":{"start":{"line":534,"column":16},"end":{"line":534,"column":58}},"216":{"start":{"line":535,"column":6},"end":{"line":542,"column":7}},"217":{"start":{"line":536,"column":8},"end":{"line":536,"column":44}},"218":{"start":{"line":537,"column":8},"end":{"line":537,"column":22}},"219":{"start":{"line":538,"column":13},"end":{"line":542,"column":7}},"220":{"start":{"line":539,"column":8},"end":{"line":539,"column":48}},"221":{"start":{"line":540,"column":8},"end":{"line":540,"column":49}},"222":{"start":{"line":541,"column":8},"end":{"line":541,"column":22}},"223":{"start":{"line":543,"column":6},"end":{"line":543,"column":16}},"224":{"start":{"line":547,"column":6},"end":{"line":547,"column":50}},"225":{"start":{"line":548,"column":6},"end":{"line":548,"column":60}},"226":{"start":{"line":552,"column":6},"end":{"line":552,"column":48}},"227":{"start":{"line":553,"column":6},"end":{"line":553,"column":60}},"228":{"start":{"line":557,"column":6},"end":{"line":557,"column":56}},"229":{"start":{"line":558,"column":6},"end":{"line":558,"column":84}},"230":{"start":{"line":562,"column":6},"end":{"line":562,"column":54}},"231":{"start":{"line":563,"column":6},"end":{"line":563,"column":84}},"232":{"start":{"line":571,"column":6},"end":{"line":571,"column":41}},"233":{"start":{"line":572,"column":6},"end":{"line":574,"column":7}},"234":{"start":{"line":573,"column":8},"end":{"line":573,"column":25}},"235":{"start":{"line":575,"column":6},"end":{"line":575,"column":50}},"236":{"start":{"line":576,"column":6},"end":{"line":576,"column":23}},"237":{"start":{"line":577,"column":17},"end":{"line":577,"column":33}},"238":{"start":{"line":578,"column":6},"end":{"line":578,"column":21}},"239":{"start":{"line":579,"column":6},"end":{"line":579,"column":15}},"240":{"start":{"line":587,"column":6},"end":{"line":587,"column":46}},"241":{"start":{"line":588,"column":6},"end":{"line":590,"column":7}},"242":{"start":{"line":589,"column":8},"end":{"line":589,"column":25}},"243":{"start":{"line":591,"column":6},"end":{"line":591,"column":50}},"244":{"start":{"line":592,"column":6},"end":{"line":592,"column":23}},"245":{"start":{"line":593,"column":17},"end":{"line":593,"column":33}},"246":{"start":{"line":594,"column":6},"end":{"line":594,"column":31}},"247":{"start":{"line":595,"column":6},"end":{"line":595,"column":25}},"248":{"start":{"line":603,"column":6},"end":{"line":606,"column":7}},"249":{"start":{"line":604,"column":8},"end":{"line":604,"column":79}},"250":{"start":{"line":605,"column":8},"end":{"line":605,"column":76}},"251":{"start":{"line":608,"column":6},"end":{"line":611,"column":7}},"252":{"start":{"line":609,"column":8},"end":{"line":609,"column":57}},"253":{"start":{"line":610,"column":8},"end":{"line":610,"column":14}},"254":{"start":{"line":613,"column":14},"end":{"line":613,"column":18}},"255":{"start":{"line":614,"column":18},"end":{"line":614,"column":20}},"256":{"start":{"line":616,"column":6},"end":{"line":619,"column":25}},"257":{"start":{"line":617,"column":8},"end":{"line":617,"column":46}},"258":{"start":{"line":618,"column":8},"end":{"line":618,"column":45}},"259":{"start":{"line":618,"column":40},"end":{"line":618,"column":45}},"260":{"start":{"line":627,"column":6},"end":{"line":630,"column":7}},"261":{"start":{"line":628,"column":8},"end":{"line":628,"column":87}},"262":{"start":{"line":629,"column":8},"end":{"line":629,"column":76}},"263":{"start":{"line":631,"column":6},"end":{"line":634,"column":7}},"264":{"start":{"line":632,"column":8},"end":{"line":632,"column":65}},"265":{"start":{"line":633,"column":8},"end":{"line":633,"column":14}},"266":{"start":{"line":635,"column":14},"end":{"line":635,"column":18}},"267":{"start":{"line":636,"column":18},"end":{"line":636,"column":29}},"268":{"start":{"line":637,"column":6},"end":{"line":640,"column":29}},"269":{"start":{"line":638,"column":8},"end":{"line":638,"column":50}},"270":{"start":{"line":639,"column":8},"end":{"line":639,"column":45}},"271":{"start":{"line":639,"column":40},"end":{"line":639,"column":45}},"272":{"start":{"line":649,"column":6},"end":{"line":669,"column":7}},"273":{"start":{"line":650,"column":8},"end":{"line":656,"column":9}},"274":{"start":{"line":652,"column":12},"end":{"line":654,"column":13}},"275":{"start":{"line":658,"column":22},"end":{"line":658,"column":35}},"276":{"start":{"line":659,"column":16},"end":{"line":659,"column":20}},"277":{"start":{"line":660,"column":8},"end":{"line":668,"column":9}},"278":{"start":{"line":662,"column":12},"end":{"line":662,"column":41}},"279":{"start":{"line":663,"column":12},"end":{"line":666,"column":13}},"280":{"start":{"line":673,"column":6},"end":{"line":673,"column":51}},"281":{"start":{"line":674,"column":6},"end":{"line":674,"column":24}},"282":{"start":{"line":681,"column":6},"end":{"line":681,"column":49}},"283":{"start":{"line":682,"column":17},"end":{"line":682,"column":19}},"284":{"start":{"line":683,"column":6},"end":{"line":685,"column":8}},"285":{"start":{"line":684,"column":8},"end":{"line":684,"column":29}},"286":{"start":{"line":686,"column":6},"end":{"line":686,"column":17}},"287":{"start":{"line":693,"column":6},"end":{"line":693,"column":57}},"288":{"start":{"line":694,"column":17},"end":{"line":694,"column":19}},"289":{"start":{"line":695,"column":6},"end":{"line":697,"column":8}},"290":{"start":{"line":696,"column":8},"end":{"line":696,"column":29}},"291":{"start":{"line":698,"column":6},"end":{"line":698,"column":17}},"292":{"start":{"line":705,"column":6},"end":{"line":705,"column":55}},"293":{"start":{"line":706,"column":17},"end":{"line":706,"column":19}},"294":{"start":{"line":707,"column":6},"end":{"line":709,"column":8}},"295":{"start":{"line":708,"column":8},"end":{"line":708,"column":53}},"296":{"start":{"line":710,"column":6},"end":{"line":710,"column":17}},"297":{"start":{"line":717,"column":6},"end":{"line":717,"column":63}},"298":{"start":{"line":718,"column":17},"end":{"line":718,"column":19}},"299":{"start":{"line":719,"column":6},"end":{"line":721,"column":8}},"300":{"start":{"line":720,"column":8},"end":{"line":720,"column":53}},"301":{"start":{"line":722,"column":6},"end":{"line":722,"column":17}},"302":{"start":{"line":731,"column":6},"end":{"line":734,"column":7}},"303":{"start":{"line":732,"column":8},"end":{"line":732,"column":83}},"304":{"start":{"line":733,"column":8},"end":{"line":733,"column":76}},"305":{"start":{"line":735,"column":6},"end":{"line":740,"column":7}},"306":{"start":{"line":736,"column":8},"end":{"line":739,"column":10}},"307":{"start":{"line":737,"column":10},"end":{"line":738,"column":45}},"308":{"start":{"line":738,"column":12},"end":{"line":738,"column":45}},"309":{"start":{"line":750,"column":6},"end":{"line":753,"column":7}},"310":{"start":{"line":751,"column":8},"end":{"line":751,"column":74}},"311":{"start":{"line":752,"column":8},"end":{"line":752,"column":14}},"312":{"start":{"line":754,"column":6},"end":{"line":757,"column":7}},"313":{"start":{"line":755,"column":8},"end":{"line":755,"column":88}},"314":{"start":{"line":756,"column":8},"end":{"line":756,"column":76}},"315":{"start":{"line":758,"column":6},"end":{"line":762,"column":8}},"316":{"start":{"line":759,"column":8},"end":{"line":759,"column":48}},"317":{"start":{"line":759,"column":39},"end":{"line":759,"column":48}},"318":{"start":{"line":760,"column":8},"end":{"line":761,"column":74}},"319":{"start":{"line":761,"column":10},"end":{"line":761,"column":74}},"320":{"start":{"line":771,"column":6},"end":{"line":774,"column":7}},"321":{"start":{"line":772,"column":8},"end":{"line":772,"column":81}},"322":{"start":{"line":773,"column":8},"end":{"line":773,"column":76}},"323":{"start":{"line":775,"column":6},"end":{"line":778,"column":7}},"324":{"start":{"line":776,"column":8},"end":{"line":776,"column":79}},"325":{"start":{"line":777,"column":8},"end":{"line":777,"column":19}},"326":{"start":{"line":779,"column":16},"end":{"line":779,"column":20}},"327":{"start":{"line":780,"column":6},"end":{"line":783,"column":8}},"328":{"start":{"line":781,"column":8},"end":{"line":781,"column":54}},"329":{"start":{"line":782,"column":8},"end":{"line":782,"column":27}},"330":{"start":{"line":784,"column":6},"end":{"line":784,"column":16}},"331":{"start":{"line":793,"column":6},"end":{"line":796,"column":7}},"332":{"start":{"line":794,"column":8},"end":{"line":794,"column":80}},"333":{"start":{"line":795,"column":8},"end":{"line":795,"column":76}},"334":{"start":{"line":797,"column":6},"end":{"line":800,"column":7}},"335":{"start":{"line":798,"column":8},"end":{"line":798,"column":78}},"336":{"start":{"line":799,"column":8},"end":{"line":799,"column":19}},"337":{"start":{"line":801,"column":16},"end":{"line":801,"column":21}},"338":{"start":{"line":802,"column":6},"end":{"line":806,"column":8}},"339":{"start":{"line":803,"column":8},"end":{"line":803,"column":54}},"340":{"start":{"line":805,"column":8},"end":{"line":805,"column":27}},"341":{"start":{"line":807,"column":6},"end":{"line":807,"column":16}},"342":{"start":{"line":816,"column":6},"end":{"line":819,"column":7}},"343":{"start":{"line":817,"column":8},"end":{"line":817,"column":79}},"344":{"start":{"line":818,"column":8},"end":{"line":818,"column":76}},"345":{"start":{"line":820,"column":17},"end":{"line":820,"column":27}},"346":{"start":{"line":821,"column":6},"end":{"line":825,"column":7}},"347":{"start":{"line":822,"column":8},"end":{"line":824,"column":10}},"348":{"start":{"line":823,"column":10},"end":{"line":823,"column":56}},"349":{"start":{"line":826,"column":6},"end":{"line":826,"column":15}},"350":{"start":{"line":834,"column":6},"end":{"line":837,"column":7}},"351":{"start":{"line":835,"column":8},"end":{"line":835,"column":82}},"352":{"start":{"line":836,"column":8},"end":{"line":836,"column":76}},"353":{"start":{"line":838,"column":17},"end":{"line":838,"column":27}},"354":{"start":{"line":839,"column":6},"end":{"line":845,"column":7}},"355":{"start":{"line":840,"column":8},"end":{"line":844,"column":10}},"356":{"start":{"line":841,"column":10},"end":{"line":843,"column":11}},"357":{"start":{"line":842,"column":12},"end":{"line":842,"column":35}},"358":{"start":{"line":846,"column":6},"end":{"line":846,"column":15}},"359":{"start":{"line":856,"column":6},"end":{"line":858,"column":7}},"360":{"start":{"line":857,"column":8},"end":{"line":857,"column":20}},"361":{"start":{"line":859,"column":18},"end":{"line":859,"column":35}},"362":{"start":{"line":860,"column":16},"end":{"line":860,"column":59}},"363":{"start":{"line":861,"column":14},"end":{"line":861,"column":57}},"364":{"start":{"line":862,"column":6},"end":{"line":867,"column":7}},"365":{"start":{"line":863,"column":8},"end":{"line":865,"column":9}},"366":{"start":{"line":864,"column":10},"end":{"line":864,"column":21}},"367":{"start":{"line":866,"column":8},"end":{"line":866,"column":11}},"368":{"start":{"line":868,"column":6},"end":{"line":868,"column":18}},"369":{"start":{"line":876,"column":6},"end":{"line":876,"column":138}},"370":{"start":{"line":876,"column":45},"end":{"line":876,"column":137}},"371":{"start":{"line":885,"column":22},"end":{"line":885,"column":31}},"372":{"start":{"line":886,"column":6},"end":{"line":888,"column":8}},"373":{"start":{"line":887,"column":8},"end":{"line":887,"column":31}},"374":{"start":{"line":889,"column":6},"end":{"line":889,"column":18}},"375":{"start":{"line":890,"column":6},"end":{"line":890,"column":44}},"376":{"start":{"line":890,"column":27},"end":{"line":890,"column":43}},"377":{"start":{"line":891,"column":6},"end":{"line":891,"column":17}},"378":{"start":{"line":900,"column":6},"end":{"line":914,"column":7}},"379":{"start":{"line":901,"column":19},"end":{"line":901,"column":32}},"380":{"start":{"line":902,"column":8},"end":{"line":904,"column":9}},"381":{"start":{"line":903,"column":10},"end":{"line":903,"column":18}},"382":{"start":{"line":905,"column":8},"end":{"line":905,"column":19}},"383":{"start":{"line":906,"column":8},"end":{"line":909,"column":9}},"384":{"start":{"line":907,"column":10},"end":{"line":907,"column":19}},"385":{"start":{"line":908,"column":10},"end":{"line":908,"column":29}},"386":{"start":{"line":910,"column":8},"end":{"line":910,"column":95}},"387":{"start":{"line":911,"column":8},"end":{"line":911,"column":116}},"388":{"start":{"line":913,"column":8},"end":{"line":913,"column":30}},"389":{"start":{"line":915,"column":6},"end":{"line":915,"column":20}},"390":{"start":{"line":919,"column":6},"end":{"line":919,"column":30}},"391":{"start":{"line":927,"column":6},"end":{"line":930,"column":7}},"392":{"start":{"line":928,"column":8},"end":{"line":928,"column":55}},"393":{"start":{"line":929,"column":8},"end":{"line":929,"column":19}},"394":{"start":{"line":931,"column":6},"end":{"line":934,"column":7}},"395":{"start":{"line":932,"column":8},"end":{"line":932,"column":85}},"396":{"start":{"line":933,"column":8},"end":{"line":933,"column":79}},"397":{"start":{"line":935,"column":6},"end":{"line":935,"column":37}},"398":{"start":{"line":936,"column":6},"end":{"line":939,"column":7}},"399":{"start":{"line":937,"column":8},"end":{"line":937,"column":58}},"400":{"start":{"line":938,"column":8},"end":{"line":938,"column":53}},"401":{"start":{"line":940,"column":6},"end":{"line":977,"column":7}},"402":{"start":{"line":941,"column":8},"end":{"line":951,"column":9}},"403":{"start":{"line":942,"column":10},"end":{"line":942,"column":30}},"404":{"start":{"line":943,"column":10},"end":{"line":943,"column":30}},"405":{"start":{"line":944,"column":10},"end":{"line":944,"column":24}},"406":{"start":{"line":945,"column":10},"end":{"line":945,"column":21}},"407":{"start":{"line":947,"column":10},"end":{"line":947,"column":50}},"408":{"start":{"line":948,"column":10},"end":{"line":948,"column":47}},"409":{"start":{"line":949,"column":10},"end":{"line":949,"column":24}},"410":{"start":{"line":950,"column":10},"end":{"line":950,"column":21}},"411":{"start":{"line":952,"column":13},"end":{"line":977,"column":7}},"412":{"start":{"line":953,"column":8},"end":{"line":953,"column":48}},"413":{"start":{"line":954,"column":8},"end":{"line":954,"column":49}},"414":{"start":{"line":955,"column":8},"end":{"line":955,"column":22}},"415":{"start":{"line":956,"column":8},"end":{"line":956,"column":19}},"416":{"start":{"line":958,"column":8},"end":{"line":976,"column":9}},"417":{"start":{"line":959,"column":10},"end":{"line":965,"column":12}},"418":{"start":{"line":960,"column":12},"end":{"line":964,"column":13}},"419":{"start":{"line":961,"column":14},"end":{"line":961,"column":24}},"420":{"start":{"line":962,"column":14},"end":{"line":962,"column":28}},"421":{"start":{"line":963,"column":14},"end":{"line":963,"column":23}},"422":{"start":{"line":966,"column":10},"end":{"line":966,"column":21}},"423":{"start":{"line":968,"column":10},"end":{"line":974,"column":12}},"424":{"start":{"line":969,"column":12},"end":{"line":973,"column":13}},"425":{"start":{"line":970,"column":14},"end":{"line":970,"column":24}},"426":{"start":{"line":971,"column":14},"end":{"line":971,"column":28}},"427":{"start":{"line":972,"column":14},"end":{"line":972,"column":23}},"428":{"start":{"line":975,"column":10},"end":{"line":975,"column":21}},"429":{"start":{"line":985,"column":6},"end":{"line":987,"column":7}},"430":{"start":{"line":986,"column":8},"end":{"line":986,"column":25}},"431":{"start":{"line":989,"column":6},"end":{"line":992,"column":7}},"432":{"start":{"line":990,"column":8},"end":{"line":990,"column":122}},"433":{"start":{"line":991,"column":8},"end":{"line":991,"column":25}},"434":{"start":{"line":994,"column":6},"end":{"line":994,"column":41}},"435":{"start":{"line":996,"column":6},"end":{"line":999,"column":7}},"436":{"start":{"line":997,"column":8},"end":{"line":997,"column":131}},"437":{"start":{"line":998,"column":8},"end":{"line":998,"column":25}},"438":{"start":{"line":1001,"column":6},"end":{"line":1001,"column":47}},"439":{"start":{"line":1003,"column":18},"end":{"line":1003,"column":28}},"440":{"start":{"line":1004,"column":6},"end":{"line":1020,"column":7}},"441":{"start":{"line":1005,"column":8},"end":{"line":1008,"column":10}},"442":{"start":{"line":1006,"column":10},"end":{"line":1006,"column":100}},"443":{"start":{"line":1006,"column":76},"end":{"line":1006,"column":100}},"444":{"start":{"line":1007,"column":10},"end":{"line":1007,"column":60}},"445":{"start":{"line":1007,"column":51},"end":{"line":1007,"column":60}},"446":{"start":{"line":1009,"column":8},"end":{"line":1009,"column":18}},"447":{"start":{"line":1011,"column":8},"end":{"line":1018,"column":10}},"448":{"start":{"line":1012,"column":10},"end":{"line":1017,"column":11}},"449":{"start":{"line":1013,"column":12},"end":{"line":1016,"column":14}},"450":{"start":{"line":1014,"column":14},"end":{"line":1014,"column":48}},"451":{"start":{"line":1015,"column":14},"end":{"line":1015,"column":65}},"452":{"start":{"line":1015,"column":56},"end":{"line":1015,"column":65}},"453":{"start":{"line":1019,"column":8},"end":{"line":1019,"column":18}},"454":{"start":{"line":1032,"column":6},"end":{"line":1034,"column":7}},"455":{"start":{"line":1033,"column":8},"end":{"line":1033,"column":17}},"456":{"start":{"line":1036,"column":6},"end":{"line":1039,"column":7}},"457":{"start":{"line":1037,"column":8},"end":{"line":1037,"column":117}},"458":{"start":{"line":1038,"column":8},"end":{"line":1038,"column":17}},"459":{"start":{"line":1041,"column":27},"end":{"line":1041,"column":46}},"460":{"start":{"line":1042,"column":6},"end":{"line":1045,"column":7}},"461":{"start":{"line":1043,"column":8},"end":{"line":1043,"column":112}},"462":{"start":{"line":1044,"column":8},"end":{"line":1044,"column":17}},"463":{"start":{"line":1046,"column":21},"end":{"line":1052,"column":7}},"464":{"start":{"line":1053,"column":6},"end":{"line":1053,"column":29}},"465":{"start":{"line":1054,"column":6},"end":{"line":1054,"column":41}},"466":{"start":{"line":1057,"column":6},"end":{"line":1079,"column":7}},"467":{"start":{"line":1058,"column":8},"end":{"line":1067,"column":10}},"468":{"start":{"line":1059,"column":10},"end":{"line":1061,"column":11}},"469":{"start":{"line":1060,"column":12},"end":{"line":1060,"column":29}},"470":{"start":{"line":1062,"column":10},"end":{"line":1066,"column":11}},"471":{"start":{"line":1063,"column":12},"end":{"line":1063,"column":29}},"472":{"start":{"line":1064,"column":12},"end":{"line":1064,"column":64}},"473":{"start":{"line":1065,"column":12},"end":{"line":1065,"column":21}},"474":{"start":{"line":1069,"column":8},"end":{"line":1078,"column":10}},"475":{"start":{"line":1070,"column":10},"end":{"line":1073,"column":11}},"476":{"start":{"line":1071,"column":12},"end":{"line":1071,"column":29}},"477":{"start":{"line":1072,"column":12},"end":{"line":1072,"column":64}},"478":{"start":{"line":1074,"column":10},"end":{"line":1077,"column":11}},"479":{"start":{"line":1075,"column":12},"end":{"line":1075,"column":29}},"480":{"start":{"line":1076,"column":12},"end":{"line":1076,"column":21}},"481":{"start":{"line":1081,"column":6},"end":{"line":1081,"column":50}},"482":{"start":{"line":1083,"column":6},"end":{"line":1170,"column":7}},"483":{"start":{"line":1084,"column":20},"end":{"line":1084,"column":34}},"484":{"start":{"line":1086,"column":8},"end":{"line":1086,"column":20}},"485":{"start":{"line":1088,"column":8},"end":{"line":1090,"column":9}},"486":{"start":{"line":1089,"column":10},"end":{"line":1089,"column":27}},"487":{"start":{"line":1091,"column":8},"end":{"line":1091,"column":18}},"488":{"start":{"line":1092,"column":13},"end":{"line":1170,"column":7}},"489":{"start":{"line":1093,"column":20},"end":{"line":1093,"column":22}},"490":{"start":{"line":1094,"column":8},"end":{"line":1105,"column":9}},"491":{"start":{"line":1095,"column":18},"end":{"line":1095,"column":31}},"492":{"start":{"line":1097,"column":10},"end":{"line":1104,"column":11}},"493":{"start":{"line":1098,"column":12},"end":{"line":1098,"column":53}},"494":{"start":{"line":1099,"column":12},"end":{"line":1102,"column":31}},"495":{"start":{"line":1100,"column":14},"end":{"line":1100,"column":42}},"496":{"start":{"line":1101,"column":14},"end":{"line":1101,"column":34}},"497":{"start":{"line":1103,"column":12},"end":{"line":1103,"column":25}},"498":{"start":{"line":1107,"column":8},"end":{"line":1107,"column":61}},"499":{"start":{"line":1109,"column":8},"end":{"line":1109,"column":48}},"500":{"start":{"line":1110,"column":8},"end":{"line":1110,"column":45}},"501":{"start":{"line":1111,"column":8},"end":{"line":1111,"column":49}},"502":{"start":{"line":1113,"column":8},"end":{"line":1113,"column":23}},"503":{"start":{"line":1114,"column":8},"end":{"line":1116,"column":9}},"504":{"start":{"line":1115,"column":10},"end":{"line":1115,"column":28}},"505":{"start":{"line":1117,"column":8},"end":{"line":1117,"column":18}},"506":{"start":{"line":1118,"column":13},"end":{"line":1170,"column":7}},"507":{"start":{"line":1119,"column":20},"end":{"line":1119,"column":22}},"508":{"start":{"line":1120,"column":8},"end":{"line":1131,"column":9}},"509":{"start":{"line":1121,"column":18},"end":{"line":1121,"column":31}},"510":{"start":{"line":1123,"column":10},"end":{"line":1130,"column":11}},"511":{"start":{"line":1124,"column":12},"end":{"line":1124,"column":53}},"512":{"start":{"line":1125,"column":12},"end":{"line":1128,"column":31}},"513":{"start":{"line":1126,"column":14},"end":{"line":1126,"column":42}},"514":{"start":{"line":1127,"column":14},"end":{"line":1127,"column":30}},"515":{"start":{"line":1129,"column":12},"end":{"line":1129,"column":29}},"516":{"start":{"line":1133,"column":8},"end":{"line":1133,"column":61}},"517":{"start":{"line":1135,"column":8},"end":{"line":1135,"column":48}},"518":{"start":{"line":1136,"column":8},"end":{"line":1136,"column":49}},"519":{"start":{"line":1137,"column":8},"end":{"line":1137,"column":49}},"520":{"start":{"line":1139,"column":8},"end":{"line":1141,"column":9}},"521":{"start":{"line":1140,"column":10},"end":{"line":1140,"column":27}},"522":{"start":{"line":1142,"column":8},"end":{"line":1142,"column":18}},"523":{"start":{"line":1144,"column":20},"end":{"line":1144,"column":22}},"524":{"start":{"line":1145,"column":8},"end":{"line":1158,"column":9}},"525":{"start":{"line":1146,"column":18},"end":{"line":1146,"column":31}},"526":{"start":{"line":1148,"column":10},"end":{"line":1157,"column":11}},"527":{"start":{"line":1149,"column":12},"end":{"line":1149,"column":53}},"528":{"start":{"line":1150,"column":12},"end":{"line":1155,"column":31}},"529":{"start":{"line":1151,"column":14},"end":{"line":1154,"column":15}},"530":{"start":{"line":1152,"column":16},"end":{"line":1152,"column":44}},"531":{"start":{"line":1153,"column":16},"end":{"line":1153,"column":69}},"532":{"start":{"line":1156,"column":12},"end":{"line":1156,"column":25}},"533":{"start":{"line":1159,"column":8},"end":{"line":1159,"column":61}},"534":{"start":{"line":1161,"column":8},"end":{"line":1161,"column":65}},"535":{"start":{"line":1162,"column":8},"end":{"line":1162,"column":69}},"536":{"start":{"line":1163,"column":8},"end":{"line":1163,"column":49}},"537":{"start":{"line":1165,"column":8},"end":{"line":1165,"column":23}},"538":{"start":{"line":1166,"column":8},"end":{"line":1168,"column":9}},"539":{"start":{"line":1167,"column":10},"end":{"line":1167,"column":36}},"540":{"start":{"line":1169,"column":8},"end":{"line":1169,"column":18}},"541":{"start":{"line":1177,"column":21},"end":{"line":1177,"column":23}},"542":{"start":{"line":1178,"column":6},"end":{"line":1180,"column":8}},"543":{"start":{"line":1179,"column":8},"end":{"line":1179,"column":25}},"544":{"start":{"line":1181,"column":6},"end":{"line":1181,"column":46}},"545":{"start":{"line":1181,"column":30},"end":{"line":1181,"column":45}},"546":{"start":{"line":1182,"column":6},"end":{"line":1182,"column":37}},"547":{"start":{"line":1183,"column":6},"end":{"line":1183,"column":22}},"548":{"start":{"line":1184,"column":6},"end":{"line":1184,"column":26}},"549":{"start":{"line":1185,"column":6},"end":{"line":1185,"column":26}},"550":{"start":{"line":1186,"column":6},"end":{"line":1186,"column":30}},"551":{"start":{"line":1187,"column":6},"end":{"line":1187,"column":17}},"552":{"start":{"line":1191,"column":6},"end":{"line":1193,"column":7}},"553":{"start":{"line":1192,"column":8},"end":{"line":1192,"column":19}},"554":{"start":{"line":1194,"column":22},"end":{"line":1194,"column":36}},"555":{"start":{"line":1195,"column":6},"end":{"line":1195,"column":23}},"556":{"start":{"line":1196,"column":6},"end":{"line":1196,"column":45}},"557":{"start":{"line":1197,"column":6},"end":{"line":1197,"column":17}},"558":{"start":{"line":1205,"column":6},"end":{"line":1208,"column":7}},"559":{"start":{"line":1205,"column":25},"end":{"line":1205,"column":46}},"560":{"start":{"line":1206,"column":8},"end":{"line":1206,"column":109}},"561":{"start":{"line":1207,"column":8},"end":{"line":1207,"column":105}},"562":{"start":{"line":1209,"column":6},"end":{"line":1212,"column":7}},"563":{"start":{"line":1210,"column":8},"end":{"line":1210,"column":61}},"564":{"start":{"line":1211,"column":8},"end":{"line":1211,"column":19}},"565":{"start":{"line":1213,"column":6},"end":{"line":1216,"column":7}},"566":{"start":{"line":1214,"column":8},"end":{"line":1214,"column":80}},"567":{"start":{"line":1215,"column":8},"end":{"line":1215,"column":76}},"568":{"start":{"line":1223,"column":22},"end":{"line":1223,"column":32}},"569":{"start":{"line":1224,"column":8},"end":{"line":1229,"column":9}},"570":{"start":{"line":1225,"column":10},"end":{"line":1225,"column":94}},"571":{"start":{"line":1225,"column":69},"end":{"line":1225,"column":94}},"572":{"start":{"line":1226,"column":10},"end":{"line":1226,"column":34}},"573":{"start":{"line":1227,"column":10},"end":{"line":1227,"column":87}},"574":{"start":{"line":1227,"column":68},"end":{"line":1227,"column":87}},"575":{"start":{"line":1228,"column":10},"end":{"line":1228,"column":34}},"576":{"start":{"line":1230,"column":8},"end":{"line":1230,"column":26}},"577":{"start":{"line":1231,"column":8},"end":{"line":1231,"column":19}},"578":{"start":{"line":1246,"column":23},"end":{"line":1246,"column":47}},"579":{"start":{"line":1247,"column":10},"end":{"line":1257,"column":11}},"580":{"start":{"line":1248,"column":12},"end":{"line":1256,"column":13}},"581":{"start":{"line":1249,"column":14},"end":{"line":1249,"column":110}},"582":{"start":{"line":1250,"column":19},"end":{"line":1256,"column":13}},"583":{"start":{"line":1251,"column":14},"end":{"line":1251,"column":67}},"584":{"start":{"line":1252,"column":19},"end":{"line":1256,"column":13}},"585":{"start":{"line":1253,"column":14},"end":{"line":1253,"column":64}},"586":{"start":{"line":1255,"column":14},"end":{"line":1255,"column":20}},"587":{"start":{"line":1264,"column":22},"end":{"line":1264,"column":24}},"588":{"start":{"line":1265,"column":10},"end":{"line":1275,"column":12}},"589":{"start":{"line":1266,"column":24},"end":{"line":1266,"column":65}},"590":{"start":{"line":1267,"column":12},"end":{"line":1274,"column":13}},"591":{"start":{"line":1268,"column":14},"end":{"line":1268,"column":30}},"592":{"start":{"line":1269,"column":14},"end":{"line":1269,"column":27}},"593":{"start":{"line":1270,"column":19},"end":{"line":1274,"column":13}},"594":{"start":{"line":1271,"column":14},"end":{"line":1271,"column":20}},"595":{"start":{"line":1273,"column":14},"end":{"line":1273,"column":24}},"596":{"start":{"line":1276,"column":10},"end":{"line":1276,"column":34}},"597":{"start":{"line":1285,"column":22},"end":{"line":1285,"column":45}},"598":{"start":{"line":1287,"column":10},"end":{"line":1293,"column":11}},"599":{"start":{"line":1289,"column":12},"end":{"line":1289,"column":30}},"600":{"start":{"line":1290,"column":12},"end":{"line":1292,"column":13}},"601":{"start":{"line":1290,"column":35},"end":{"line":1290,"column":58}},"602":{"start":{"line":1291,"column":14},"end":{"line":1291,"column":40}},"603":{"start":{"line":1294,"column":10},"end":{"line":1294,"column":22}},"604":{"start":{"line":1296,"column":8},"end":{"line":1296,"column":64}},"605":{"start":{"line":1299,"column":6},"end":{"line":1299,"column":46}},"606":{"start":{"line":1300,"column":6},"end":{"line":1300,"column":17}},"607":{"start":{"line":1304,"column":6},"end":{"line":1306,"column":7}},"608":{"start":{"line":1305,"column":8},"end":{"line":1305,"column":17}},"609":{"start":{"line":1307,"column":16},"end":{"line":1307,"column":18}},"610":{"start":{"line":1308,"column":6},"end":{"line":1313,"column":8}},"611":{"start":{"line":1309,"column":8},"end":{"line":1312,"column":9}},"612":{"start":{"line":1310,"column":10},"end":{"line":1310,"column":21}},"613":{"start":{"line":1311,"column":10},"end":{"line":1311,"column":19}},"614":{"start":{"line":1314,"column":6},"end":{"line":1314,"column":16}},"615":{"start":{"line":1321,"column":6},"end":{"line":1323,"column":7}},"616":{"start":{"line":1322,"column":8},"end":{"line":1322,"column":24}},"617":{"start":{"line":1324,"column":6},"end":{"line":1326,"column":7}},"618":{"start":{"line":1325,"column":8},"end":{"line":1325,"column":24}},"619":{"start":{"line":1327,"column":16},"end":{"line":1327,"column":25}},"620":{"start":{"line":1328,"column":6},"end":{"line":1333,"column":8}},"621":{"start":{"line":1329,"column":8},"end":{"line":1332,"column":9}},"622":{"start":{"line":1330,"column":10},"end":{"line":1330,"column":26}},"623":{"start":{"line":1331,"column":10},"end":{"line":1331,"column":19}},"624":{"start":{"line":1334,"column":6},"end":{"line":1334,"column":16}},"625":{"start":{"line":1342,"column":6},"end":{"line":1344,"column":7}},"626":{"start":{"line":1343,"column":8},"end":{"line":1343,"column":24}},"627":{"start":{"line":1345,"column":6},"end":{"line":1347,"column":7}},"628":{"start":{"line":1346,"column":8},"end":{"line":1346,"column":24}},"629":{"start":{"line":1348,"column":6},"end":{"line":1348,"column":27}},"630":{"start":{"line":1349,"column":16},"end":{"line":1349,"column":25}},"631":{"start":{"line":1350,"column":6},"end":{"line":1355,"column":8}},"632":{"start":{"line":1351,"column":8},"end":{"line":1354,"column":9}},"633":{"start":{"line":1352,"column":10},"end":{"line":1352,"column":26}},"634":{"start":{"line":1353,"column":10},"end":{"line":1353,"column":19}},"635":{"start":{"line":1356,"column":6},"end":{"line":1356,"column":16}},"636":{"start":{"line":1363,"column":6},"end":{"line":1365,"column":7}},"637":{"start":{"line":1364,"column":8},"end":{"line":1364,"column":17}},"638":{"start":{"line":1366,"column":6},"end":{"line":1368,"column":7}},"639":{"start":{"line":1367,"column":8},"end":{"line":1367,"column":17}},"640":{"start":{"line":1369,"column":16},"end":{"line":1369,"column":18}},"641":{"start":{"line":1370,"column":6},"end":{"line":1375,"column":8}},"642":{"start":{"line":1371,"column":8},"end":{"line":1374,"column":9}},"643":{"start":{"line":1372,"column":10},"end":{"line":1372,"column":21}},"644":{"start":{"line":1373,"column":10},"end":{"line":1373,"column":19}},"645":{"start":{"line":1376,"column":6},"end":{"line":1376,"column":16}},"646":{"start":{"line":1384,"column":6},"end":{"line":1386,"column":7}},"647":{"start":{"line":1385,"column":8},"end":{"line":1385,"column":17}},"648":{"start":{"line":1387,"column":6},"end":{"line":1389,"column":7}},"649":{"start":{"line":1388,"column":8},"end":{"line":1388,"column":17}},"650":{"start":{"line":1390,"column":6},"end":{"line":1390,"column":27}},"651":{"start":{"line":1391,"column":16},"end":{"line":1391,"column":18}},"652":{"start":{"line":1392,"column":6},"end":{"line":1397,"column":8}},"653":{"start":{"line":1393,"column":8},"end":{"line":1396,"column":9}},"654":{"start":{"line":1394,"column":10},"end":{"line":1394,"column":21}},"655":{"start":{"line":1395,"column":10},"end":{"line":1395,"column":19}},"656":{"start":{"line":1398,"column":6},"end":{"line":1398,"column":16}},"657":{"start":{"line":1406,"column":6},"end":{"line":1433,"column":7}},"658":{"start":{"line":1407,"column":8},"end":{"line":1410,"column":9}},"659":{"start":{"line":1408,"column":10},"end":{"line":1408,"column":66}},"660":{"start":{"line":1409,"column":10},"end":{"line":1409,"column":21}},"661":{"start":{"line":1412,"column":8},"end":{"line":1412,"column":51}},"662":{"start":{"line":1414,"column":8},"end":{"line":1420,"column":9}},"663":{"start":{"line":1415,"column":10},"end":{"line":1415,"column":57}},"664":{"start":{"line":1416,"column":10},"end":{"line":1416,"column":61}},"665":{"start":{"line":1419,"column":10},"end":{"line":1419,"column":49}},"666":{"start":{"line":1422,"column":8},"end":{"line":1422,"column":47}},"667":{"start":{"line":1423,"column":8},"end":{"line":1423,"column":46}},"668":{"start":{"line":1425,"column":8},"end":{"line":1425,"column":19}},"669":{"start":{"line":1427,"column":11},"end":{"line":1433,"column":7}},"670":{"start":{"line":1428,"column":8},"end":{"line":1428,"column":63}},"671":{"start":{"line":1431,"column":8},"end":{"line":1431,"column":88}},"672":{"start":{"line":1432,"column":8},"end":{"line":1432,"column":14}},"673":{"start":{"line":1441,"column":6},"end":{"line":1461,"column":7}},"674":{"start":{"line":1442,"column":8},"end":{"line":1445,"column":9}},"675":{"start":{"line":1443,"column":10},"end":{"line":1443,"column":67}},"676":{"start":{"line":1444,"column":10},"end":{"line":1444,"column":21}},"677":{"start":{"line":1446,"column":8},"end":{"line":1446,"column":51}},"678":{"start":{"line":1447,"column":8},"end":{"line":1452,"column":9}},"679":{"start":{"line":1448,"column":10},"end":{"line":1448,"column":61}},"680":{"start":{"line":1449,"column":10},"end":{"line":1449,"column":57}},"681":{"start":{"line":1451,"column":10},"end":{"line":1451,"column":49}},"682":{"start":{"line":1453,"column":8},"end":{"line":1453,"column":47}},"683":{"start":{"line":1454,"column":8},"end":{"line":1454,"column":46}},"684":{"start":{"line":1455,"column":8},"end":{"line":1455,"column":19}},"685":{"start":{"line":1456,"column":13},"end":{"line":1461,"column":7}},"686":{"start":{"line":1457,"column":8},"end":{"line":1457,"column":64}},"687":{"start":{"line":1459,"column":8},"end":{"line":1459,"column":89}},"688":{"start":{"line":1460,"column":8},"end":{"line":1460,"column":14}},"689":{"start":{"line":1470,"column":6},"end":{"line":1533,"column":7}},"690":{"start":{"line":1471,"column":8},"end":{"line":1474,"column":9}},"691":{"start":{"line":1472,"column":10},"end":{"line":1472,"column":132}},"692":{"start":{"line":1473,"column":10},"end":{"line":1473,"column":16}},"693":{"start":{"line":1475,"column":8},"end":{"line":1482,"column":9}},"694":{"start":{"line":1476,"column":10},"end":{"line":1476,"column":75}},"695":{"start":{"line":1477,"column":10},"end":{"line":1477,"column":53}},"696":{"start":{"line":1478,"column":10},"end":{"line":1478,"column":49}},"697":{"start":{"line":1479,"column":10},"end":{"line":1479,"column":49}},"698":{"start":{"line":1480,"column":10},"end":{"line":1480,"column":47}},"699":{"start":{"line":1481,"column":10},"end":{"line":1481,"column":21}},"700":{"start":{"line":1483,"column":8},"end":{"line":1486,"column":9}},"701":{"start":{"line":1484,"column":10},"end":{"line":1484,"column":91}},"702":{"start":{"line":1485,"column":10},"end":{"line":1485,"column":16}},"703":{"start":{"line":1487,"column":8},"end":{"line":1487,"column":39}},"704":{"start":{"line":1488,"column":8},"end":{"line":1527,"column":9}},"705":{"start":{"line":1489,"column":10},"end":{"line":1489,"column":50}},"706":{"start":{"line":1490,"column":15},"end":{"line":1527,"column":9}},"707":{"start":{"line":1491,"column":10},"end":{"line":1491,"column":49}},"708":{"start":{"line":1493,"column":10},"end":{"line":1496,"column":11}},"709":{"start":{"line":1494,"column":12},"end":{"line":1494,"column":44}},"710":{"start":{"line":1495,"column":12},"end":{"line":1495,"column":18}},"711":{"start":{"line":1497,"column":10},"end":{"line":1497,"column":53}},"712":{"start":{"line":1498,"column":10},"end":{"line":1526,"column":11}},"713":{"start":{"line":1499,"column":12},"end":{"line":1510,"column":14}},"714":{"start":{"line":1500,"column":14},"end":{"line":1509,"column":15}},"715":{"start":{"line":1501,"column":33},"end":{"line":1501,"column":34}},"716":{"start":{"line":1502,"column":30},"end":{"line":1502,"column":39}},"717":{"start":{"line":1503,"column":16},"end":{"line":1503,"column":58}},"718":{"start":{"line":1504,"column":16},"end":{"line":1504,"column":59}},"719":{"start":{"line":1505,"column":16},"end":{"line":1505,"column":62}},"720":{"start":{"line":1506,"column":16},"end":{"line":1506,"column":55}},"721":{"start":{"line":1507,"column":16},"end":{"line":1507,"column":54}},"722":{"start":{"line":1508,"column":16},"end":{"line":1508,"column":25}},"723":{"start":{"line":1511,"column":12},"end":{"line":1511,"column":23}},"724":{"start":{"line":1513,"column":12},"end":{"line":1524,"column":14}},"725":{"start":{"line":1514,"column":14},"end":{"line":1523,"column":15}},"726":{"start":{"line":1515,"column":33},"end":{"line":1515,"column":34}},"727":{"start":{"line":1516,"column":30},"end":{"line":1516,"column":39}},"728":{"start":{"line":1517,"column":16},"end":{"line":1517,"column":58}},"729":{"start":{"line":1518,"column":16},"end":{
[...]
umn":6},"end":{"line":1433,"column":7}}],"line":1406},"195":{"loc":{"start":{"line":1407,"column":8},"end":{"line":1410,"column":9}},"type":"if","locations":[{"start":{"line":1407,"column":8},"end":{"line":1410,"column":9}},{"start":{"line":1407,"column":8},"end":{"line":1410,"column":9}}],"line":1407},"196":{"loc":{"start":{"line":1407,"column":12},"end":{"line":1407,"column":112}},"type":"binary-expr","locations":[{"start":{"line":1407,"column":12},"end":{"line":1407,"column":40}},{"start":{"line":1407,"column":44},"end":{"line":1407,"column":76}},{"start":{"line":1407,"column":80},"end":{"line":1407,"column":112}}],"line":1407},"197":{"loc":{"start":{"line":1414,"column":8},"end":{"line":1420,"column":9}},"type":"if","locations":[{"start":{"line":1414,"column":8},"end":{"line":1420,"column":9}},{"start":{"line":1414,"column":8},"end":{"line":1420,"column":9}}],"line":1414},"198":{"loc":{"start":{"line":1427,"column":11},"end":{"line":1433,"column":7}},"type":"if","locations":[{"start":{"line":1427,"column":11},"end":{"line":1433,"column":7}},{"start":{"line":1427,"column":11},"end":{"line":1433,"column":7}}],"line":1427},"199":{"loc":{"start":{"line":1427,"column":15},"end":{"line":1427,"column":73}},"type":"binary-expr","locations":[{"start":{"line":1427,"column":15},"end":{"line":1427,"column":44}},{"start":{"line":1427,"column":48},"end":{"line":1427,"column":73}}],"line":1427},"200":{"loc":{"start":{"line":1441,"column":6},"end":{"line":1461,"column":7}},"type":"if","locations":[{"start":{"line":1441,"column":6},"end":{"line":1461,"column":7}},{"start":{"line":1441,"column":6},"end":{"line":1461,"column":7}}],"line":1441},"201":{"loc":{"start":{"line":1442,"column":8},"end":{"line":1445,"column":9}},"type":"if","locations":[{"start":{"line":1442,"column":8},"end":{"line":1445,"column":9}},{"start":{"line":1442,"column":8},"end":{"line":1445,"column":9}}],"line":1442},"202":{"loc":{"start":{"line":1442,"column":12},"end":{"line":1442,"column":112}},"type":"binary-expr","locations":[{"start":{"line":1442,"column":12},"end":{"line":1442,"column":40}},{"start":{"line":1442,"column":44},"end":{"line":1442,"column":76}},{"start":{"line":1442,"column":80},"end":{"line":1442,"column":112}}],"line":1442},"203":{"loc":{"start":{"line":1447,"column":8},"end":{"line":1452,"column":9}},"type":"if","locations":[{"start":{"line":1447,"column":8},"end":{"line":1452,"column":9}},{"start":{"line":1447,"column":8},"end":{"line":1452,"column":9}}],"line":1447},"204":{"loc":{"start":{"line":1456,"column":13},"end":{"line":1461,"column":7}},"type":"if","locations":[{"start":{"line":1456,"column":13},"end":{"line":1461,"column":7}},{"start":{"line":1456,"column":13},"end":{"line":1461,"column":7}}],"line":1456},"205":{"loc":{"start":{"line":1456,"column":17},"end":{"line":1456,"column":75}},"type":"binary-expr","locations":[{"start":{"line":1456,"column":17},"end":{"line":1456,"column":46}},{"start":{"line":1456,"column":50},"end":{"line":1456,"column":75}}],"line":1456},"206":{"loc":{"start":{"line":1469,"column":27},"end":{"line":1469,"column":53}},"type":"default-arg","locations":[{"start":{"line":1469,"column":38},"end":{"line":1469,"column":53}}],"line":1469},"207":{"loc":{"start":{"line":1470,"column":6},"end":{"line":1533,"column":7}},"type":"if","locations":[{"start":{"line":1470,"column":6},"end":{"line":1533,"column":7}},{"start":{"line":1470,"column":6},"end":{"line":1533,"column":7}}],"line":1470},"208":{"loc":{"start":{"line":1471,"column":8},"end":{"line":1474,"column":9}},"type":"if","locations":[{"start":{"line":1471,"column":8},"end":{"line":1474,"column":9}},{"start":{"line":1471,"column":8},"end":{"line":1474,"column":9}}],"line":1471},"209":{"loc":{"start":{"line":1475,"column":8},"end":{"line":1482,"column":9}},"type":"if","locations":[{"start":{"line":1475,"column":8},"end":{"line":1482,"column":9}},{"start":{"line":1475,"column":8},"end":{"line":1482,"column":9}}],"line":1475},"210":{"loc":{"start":{"line":1483,"column":8},"end":{"line":1486,"column":9}},"type":"if","locations":[{"start":{"line":1483,"column":8},"end":{"line":1486,"column":9}},{"start":{"line":1483,"column":8},"end":{"line":1486,"column":9}}],"line":1483},"211":{"loc":{"start":{"line":1483,"column":12},"end":{"line":1483,"column":118}},"type":"binary-expr","locations":[{"start":{"line":1483,"column":12},"end":{"line":1483,"column":42}},{"start":{"line":1483,"column":46},"end":{"line":1483,"column":68}},{"start":{"line":1483,"column":72},"end":{"line":1483,"column":118}}],"line":1483},"212":{"loc":{"start":{"line":1488,"column":8},"end":{"line":1527,"column":9}},"type":"if","locations":[{"start":{"line":1488,"column":8},"end":{"line":1527,"column":9}},{"start":{"line":1488,"column":8},"end":{"line":1527,"column":9}}],"line":1488},"213":{"loc":{"start":{"line":1490,"column":15},"end":{"line":1527,"column":9}},"type":"if","locations":[{"start":{"line":1490,"column":15},"end":{"line":1527,"column":9}},{"start":{"line":1490,"column":15},"end":{"line":1527,"column":9}}],"line":1490},"214":{"loc":{"start":{"line":1493,"column":10},"end":{"line":1496,"column":11}},"type":"if","locations":[{"start":{"line":1493,"column":10},"end":{"line":1496,"column":11}},{"start":{"line":1493,"column":10},"end":{"line":1496,"column":11}}],"line":1493},"215":{"loc":{"start":{"line":1493,"column":14},"end":{"line":1493,"column":114}},"type":"binary-expr","locations":[{"start":{"line":1493,"column":14},"end":{"line":1493,"column":42}},{"start":{"line":1493,"column":46},"end":{"line":1493,"column":78}},{"start":{"line":1493,"column":82},"end":{"line":1493,"column":114}}],"line":1493},"216":{"loc":{"start":{"line":1498,"column":10},"end":{"line":1526,"column":11}},"type":"if","locations":[{"start":{"line":1498,"column":10},"end":{"line":1526,"column":11}},{"start":{"line":1498,"column":10},"end":{"line":1526,"column":11}}],"line":1498},"217":{"loc":{"start":{"line":1500,"column":14},"end":{"line":1509,"column":15}},"type":"if","locations":[{"start":{"line":1500,"column":14},"end":{"line":1509,"column":15}},{"start":{"line":1500,"column":14},"end":{"line":1509,"column":15}}],"line":1500},"218":{"loc":{"start":{"line":1514,"column":14},"end":{"line":1523,"column":15}},"type":"if","locations":[{"start":{"line":1514,"column":14},"end":{"line":1523,"column":15}},{"start":{"line":1514,"column":14},"end":{"line":1523,"column":15}}],"line":1514},"219":{"loc":{"start":{"line":1528,"column":13},"end":{"line":1533,"column":7}},"type":"if","locations":[{"start":{"line":1528,"column":13},"end":{"line":1533,"column":7}},{"start":{"line":1528,"column":13},"end":{"line":1533,"column":7}}],"line":1528},"220":{"loc":{"start":{"line":1528,"column":17},"end":{"line":1528,"column":75}},"type":"binary-expr","locations":[{"start":{"line":1528,"column":17},"end":{"line":1528,"column":46}},{"start":{"line":1528,"column":50},"end":{"line":1528,"column":75}}],"line":1528},"221":{"loc":{"start":{"line":1540,"column":6},"end":{"line":1554,"column":7}},"type":"if","locations":[{"start":{"line":1540,"column":6},"end":{"line":1554,"column":7}},{"start":{"line":1540,"column":6},"end":{"line":1554,"column":7}}],"line":1540},"222":{"loc":{"start":{"line":1541,"column":8},"end":{"line":1544,"column":9}},"type":"if","locations":[{"start":{"line":1541,"column":8},"end":{"line":1544,"column":9}},{"start":{"line":1541,"column":8},"end":{"line":1544,"column":9}}],"line":1541},"223":{"loc":{"start":{"line":1569,"column":6},"end":{"line":1571,"column":7}},"type":"if","locations":[{"start":{"line":1569,"column":6},"end":{"line":1571,"column":7}},{"start":{"line":1569,"column":6},"end":{"line":1571,"column":7}}],"line":1569},"224":{"loc":{"start":{"line":1574,"column":8},"end":{"line":1574,"column":101}},"type":"cond-expr","locations":[{"start":{"line":1574,"column":20},"end":{"line":1574,"column":75}},{"start":{"line":1574,"column":78},"end":{"line":1574,"column":101}}],"line":1574},"225":{"loc":{"start":{"line":1585,"column":2},"end":{"line":1589,"column":3}},"type":"if","locations":[{"start":{"line":1585,"column":2},"end":{"line":1589,"column":3}},{"start":{"line":1585,"column":2},"end":{"line":1589,"column":3}}],"line":1585},"226":{"loc":{"start":{"line":1587,"column":9},"end":{"line":1589,"column":3}},"type":"if","locations":[{"start":{"line":1587,"column":9},"end":{"line":1589,"column":3}},{"start":{"line":1587,"column":9},"end":{"line":1589,"column":3}}],"line":1587},"227":{"loc":{"start":{"line":1587,"column":13},"end":{"line":1587,"column":59}},"type":"binary-expr","locations":[{"start":{"line":1587,"column":13},"end":{"line":1587,"column":41}},{"start":{"line":1587,"column":45},"end":{"line":1587,"column":59}}],"line":1587},"228":{"loc":{"start":{"line":1591,"column":2},"end":{"line":1591,"column":39}},"type":"cond-expr","locations":[{"start":{"line":1591,"column":13},"end":{"line":1591,"column":21}},{"start":{"line":1591,"column":24},"end":{"line":1591,"column":39}}],"line":1591},"229":{"loc":{"start":{"line":1595,"column":2},"end":{"line":1595,"column":48}},"type":"cond-expr","locations":[{"start":{"line":1595,"column":33},"end":{"line":1595,"column":39}},{"start":{"line":1595,"column":42},"end":{"line":1595,"column":48}}],"line":1595}},"s":{"0":1,"1":1,"2":2,"3":2,"4":36343,"5":36343,"6":36343,"7":36343,"8":1,"9":0,"10":0,"11":1,"12":1,"13":1,"14":1,"15":1,"16":1,"17":11922,"18":11922,"19":11922,"20":11922,"21":144,"22":144,"23":35,"24":0,"25":0,"26":35,"27":35,"28":30,"29":30,"30":0,"31":0,"32":0,"33":0,"34":0,"35":0,"36":0,"37":0,"38":0,"39":113,"40":113,"41":113,"42":113,"43":12,"44":101,"45":37,"46":37,"47":162,"48":64,"49":63,"50":63,"51":12600,"52":1,"53":1,"54":1,"55":1,"56":1,"57":113,"58":189256,"59":11,"60":189245,"61":1461,"62":1461,"63":3,"64":3,"65":1458,"66":1458,"67":1458,"68":749,"69":182548,"70":749,"71":749,"72":709,"73":181230,"74":709,"75":709,"76":1458,"77":1458,"78":0,"79":0,"80":0,"81":0,"82":0,"83":0,"84":0,"85":0,"86":0,"87":0,"88":0,"89":0,"90":0,"91":0,"92":0,"93":0,"94":0,"95":1,"96":1,"97":0,"98":0,"99":1,"100":1,"101":1,"102":1,"103":2,"104":1,"105":1,"106":0,"107":0,"108":0,"109":0,"110":1,"111":1,"112":8,"113":0,"114":0,"115":8,"116":0,"117":0,"118":8,"119":0,"120":0,"121":8,"122":0,"123":0,"124":0,"125":0,"126":0,"127":0,"128":0,"129":0,"130":8,"131":76,"132":67,"133":8,"134":2,"135":2,"136":2,"137":134,"138":8,"139":8,"140":232,"141":232,"142":232,"143":1883227,"144":232,"145":0,"146":0,"147":0,"148":0,"149":0,"150":2017,"151":1,"152":1,"153":2016,"154":2016,"155":2012,"156":2016,"157":2016,"158":4,"159":2016,"160":2016,"161":2016,"162":34321,"163":1,"164":1,"165":34320,"166":34320,"167":34193,"168":34320,"169":34320,"170":127,"171":34320,"172":34320,"173":34320,"174":8,"175":8,"176":1,"177":1,"178":7,"179":7,"180":1,"181":1,"182":1,"183":1,"184":6,"185":1,"186":5,"187":4,"188":1203,"189":4,"190":4,"191":4,"192":4,"193":4,"194":4,"195":1,"196":3,"197":1,"198":1,"199":1,"200":1,"201":1,"202":1,"203":7,"204":6,"205":6,"206":6,"207":1,"208":1,"209":5,"210":3,"211":3,"212":3,"213":6,"214":6,"215":6,"216":6,"217":1,"218":1,"219":5,"220":3,"221":3,"222":3,"223":6,"224":0,"225":0,"226":0,"227":0,"228":0,"229":0,"230":0,"231":0,"232":7,"233":7,"234":0,"235":7,"236":7,"237":7,"238":7,"239":7,"240":7,"241":7,"242":0,"243":7,"244":7,"245":7,"246":7,"247":7,"248":1258,"249":0,"250":0,"251":1258,"252":17,"253":17,"254":1241,"255":1241,"256":1241,"257":2119898,"258":2119898,"259":897,"260":807,"261":0,"262":0,"263":807,"264":0,"265":0,"266":807,"267":807,"268":807,"269":368781,"270":368781,"271":807,"272":0,"273":0,"274":0,"275":0,"276":0,"277":0,"278":0,"279":0,"280":3,"281":3,"282":39,"283":39,"284":39,"285":195,"286":39,"287":0,"288":0,"289":0,"290":0,"291":0,"292":0,"293":0,"294":0,"295":0,"296":0,"297":0,"298":0,"299":0,"300":0,"301":0,"302":0,"303":0,"304":0,"305":0,"306":0,"307":0,"308":0,"309":7,"310":1,"311":1,"312":6,"313":0,"314":0,"315":6,"316":12119,"317":6,"318":12113,"319":12113,"320":0,"321":0,"322":0,"323":0,"324":0,"325":0,"326":0,"327":0,"328":0,"329":0,"330":0,"331":12,"332":0,"333":0,"334":12,"335":0,"336":0,"337":12,"338":12,"339":12145,"340":12145,"341":12,"342":0,"343":0,"344":0,"345":0,"346":0,"347":0,"348":0,"349":0,"350":0,"351":0,"352":0,"353":0,"354":0,"355":0,"356":0,"357":0,"358":0,"359":0,"360":0,"361":0,"362":0,"363":0,"364":0,"365":0,"366":0,"367":0,"368":0,"369":0,"370":0,"371":0,"372":0,"373":0,"374":0,"375":0,"376":0,"377":0,"378":19215,"379":0,"380":0,"381":0,"382":0,"383":0,"384":0,"385":0,"386":0,"387":0,"388":19215,"389":19215,"390":2360,"391":9,"392":1,"393":1,"394":8,"395":0,"396":0,"397":8,"398":8,"399":0,"400":0,"401":8,"402":3,"403":2,"404":2,"405":2,"406":2,"407":1,"408":1,"409":1,"410":1,"411":5,"412":4,"413":4,"414":4,"415":4,"416":1,"417":1,"418":2,"419":1,"420":1,"421":1,"422":1,"423":0,"424":0,"425":0,"426":0,"427":0,"428":0,"429":0,"430":0,"431":0,"432":0,"433":0,"434":0,"435":0,"436":0,"437":0,"438":0,"439":0,"440":0,"441":0,"442":0,"443":0,"444":0,"445":0,"446":0,"447":0,"448":0,"449":0,"450":0,"451":0,"452":0,"453":0,"454":239,"455":2,"456":237,"457":1,"458":1,"459":236,"460":236,"461":8,"462":8,"463":228,"464":228,"465":228,"466":228,"467":131,"468":15283,"469":131,"470":15283,"471":131,"472":131,"473":131,"474":97,"475":187548,"476":97,"477":97,"478":187548,"479":97,"480":97,"481":228,"482":228,"483":19,"484":19,"485":19,"486":1334,"487":19,"488":209,"489":11,"490":11,"491":5,"492":5,"493":5,"494":5,"495":5,"496":0,"497":5,"498":11,"499":11,"500":11,"501":11,"502":11,"503":11,"504":2,"505":11,"506":198,"507":2,"508":2,"509":1,"510":1,"511":1,"512":1,"513":1,"514":0,"515":1,"516":2,"517":2,"518":2,"519":2,"520":2,"521":2,"522":2,"523":196,"524":196,"525":186,"526":186,"527":2194,"528":2194,"529":2194,"530":2008,"531":2008,"532":2194,"533":196,"534":196,"535":196,"536":196,"537":196,"538":196,"539":3,"540":196,"541":33,"542":33,"543":11922,"544":33,"545":11922,"546":33,"547":33,"548":33,"549":33,"550":33,"551":33,"552":19,"553":7,"554":12,"555":12,"556":12,"557":12,"558":12,"559":12145,"560":0,"561":0,"562":12,"563":1,"564":1,"565":11,"566":0,"567":0,"568":12169,"569":12169,"570":36690,"571":177100,"572":36690,"573":36690,"574":97357,"575":36690,"576":12169,"577":12169,"578":12169,"579":12169,"580":12167,"581":4043,"582":8124,"583":2031,"584":6093,"585":2041,"586":4052,"587":136,"588":136,"589":131690,"590":131690,"591":8104,"592":8104,"593":123586,"594":123586,"595":0,"596":136,"597":11,"598":11,"599":11,"600":11,"601":63831,"602":125,"603":11,"604":11,"605":11,"606":11,"607":0,"608":0,"609":0,"610":0,"611":0,"612":0,"613":0,"614":0,"615":0,"616":0,"617":0,"618":0,"619":0,"620":0,"621":0,"622":0,"623":0,"624":0,"625":0,"626":0,"627":0,"628":0,"629":0,"630":0,"631":0,"632":0,"633":0,"634":0,"635":0,"636":0,"637":0,"638":0,"639":0,"640":0,"641":0,"642":0,"643":0,"644":0,"645":0,"646":0,"647":0,"648":0,"649":0,"650":0,"651":0,"652":0,"653":0,"654":0,"655":0,"656":0,"657":8,"658":6,"659":0,"660":0,"661":6,"662":6,"663":5,"664":5,"665":1,"666":6,"667":6,"668":6,"669":2,"670":2,"671":0,"672":0,"673":5,"674":4,"675":0,"676":0,"677":4,"678":4,"679":4,"680":4,"681":0,"682":4,"683":4,"684":4,"685":1,"686":1,"687":0,"688":0,"689":16,"690":11,"691":0,"692":0,"693":11,"694":1,"695":1,"696":1,"697":1,"698":1,"699":1,"700":10,"701":1,"702":1,"703":9,"704":9,"705":2,"706":7,"707":3,"708":4,"709":0,"710":0,"711":4,"712":4,"713":4,"714":15,"715":4,"716":4,"717":4,"718":4,"719":4,"720":4,"721":4,"722":4,"723":4,"724":0,"725":0,"726":0,"727":0,"728":0,"729":0,"730":0,"731":0,"732":0,"733":0,"734":0,"735":5,"736":5,"737":0,"738":0,"739":0,"740":0,"741":0,"742":0,"743":0,"744":0,"745":0,"746":0,"747":0,"748":0,"749":0,"750":0,"751":0,"752":0,"753":0,"754":0,"755":0,"756":0,"757":0,"758":0,"759":0,"760":0,"761":1,"762":0,"763":0,"764":1,"765":1,"766":1,"767":1},"f":{"0":1,"1":2,"2":36343,"3":1,"4":11922,"5":144,"6":35,"7":30,"8":0,"9":113,"10":162,"11":189256,"12":1461,"13":182548,"14":181230,"15":0,"16":0,"17":0,"18":1,"19":2,"20":0,"21":8,"22":76,"23":232,"24":1883227,"25":0,"26":0,"27":2017,"28":34321,"29":8,"30":1203,"31":3,"32":6,"33":6,"34":0,"35":0,"36":0,"37":0,"38":7,"39":7,"40":1258,"41":807,"42":0,"43":0,"44":0,"45":3,"46":39,"47":195,"48":0,"49":0,"50":0,"51":0,"52":0,"53":0,"54":0,"55":0,"56":7,"57":12119,"58":0,"59":0,"60":12,"61":12145,"62":0,"63":0,"64":0,"65":0,"66":0,"67":0,"68":0,"69":0,"70":0,"71":0,"72":19215,"73":2360,"74":9,"75":2,"76":0,"77":0,"78":0,"79":0,"80":0,"81":239,"82":15283,"83":187548,"84":33,"85":11922,"86":11922,"87":19,"88":12,"89":12145,"90":12169,"91":11,"92":12169,"93":12167,"94":136,"95":131690,"96":11,"97":63831,"98":0,"99":0,"100":0,"101":0,"102":0,"103":0,"104":0,"105":0,"106":0,"107":0,"108":8,"109":5,"110":16,"111":15,"112":0,"113":0,"114":0,"115":0,"116":0,"117":0,"118":0,"119":0,"120":0},"b":{"0":[2,2,2,2],"1":[0,1],"2":[1,1],"3":[144,62,62,62],"4":[0,35],"5":[0,0],"6":[0,0],"7":[12,101],"8":[37,64],"9":[63,1],"10":[11,189245],"11":[189256,189177,11,11],"12":[3,1458],"13":[1461,1460],"14":[749,709],"15":[749,181799],"16":[709,180521],"17":[0,0],"18":[0,0],"19":[0,0],"20":[0,0],"21":[0,0],"22":[0,1],"23":[1,1],"24":[1,0],"25":[1,1],"26":[0,0],"27":[4],"28":[5],"29":[6],"30":[0,8],"31":[0,8],"32":[8,8,8,8,8,0],"33":[0,8],"34":[8,8,8],"35":[0,8],"36":[0,0],"37":[67,9],"38":[2,6],"39":[8,2],"40":[2,6],"41":[1,2016],"42":[2012,4],"43":[4,2012],"44":[1,34320],"45":[34193,127],"46":[127,34193],"47":[1,7],"48":[8,8,7],"49":[1,6],"50":[1,5],"51":[4,1],"52":[4,1199],"53":[1,2],"54":[4,2],"55":[1,5],"56":[6,3],"57":[3,2],"58":[4,2],"59":[1,5],"60":[6,3],"61":[3,2],"62":[0,0],"63":[0,0],"64":[0,0],"65":[0,0],"66":[3],"67":[0,7],"68":[2,5],"69":[3],"70":[0,7],"71":[2,5],"72":[0,1258],"73":[17,1241],"74":[1241,2118657],"75":[897,2119001],"76":[0,807],"77":[0,807],"78":[807,367974],"79":[807,367974],"80":[0,0],"81":[0,0],"82":[0,0],"83":[0],"84":[0],"85":[0,0],"86":[0,0],"87":[0,0],"88":[7],"89":[7],"90":[1,6],"91":[0,6],"92":[6,12113],"93":[12113,0],"94":[0,0],"95":[0,0],"96":[0,0],"97":[0,0],"98":[0,12],"99":[0,12],"100":[12145,12145],"101":[1,12144],"102":[0,0],"103":[0,0],"104":[0,0],"105":[0,0],"106":[0,0],"107":[0,0],"108":[0,0],"109":[0,0],"110":[0,0],"111":[0,0,0,0,0],"112":[0,19215],"113":[0,0],"114":[0,0],"115":[1,8],"116":[0,8],"117":[8,8],"118":[0,8],"119":[8,8],"120":[3,5],"121":[2,1],"122":[4,1],"123":[1,0],"124":[1,1],"125":[0,0],"126":[0,0],"127":[0,0],"128":[0,0,0],"129":[0,0],"130":[0,0,0],"131":[0,0],"132":[0,0],"133":[0,0],"134":[0,0],"135":[0,0],"136":[2],"137":[5],"138":[2,237],"139":[1,236],"140":[237,237],"141":[8,228],"142":[236,236],"143":[131,97],"144":[131,15152],"145":[131,15152],"146":[97,187451],"147":[97,187451],"148":[19,209],"149":[228,30],"150":[11,198],"151":[209,11],"152":[5,6],"153":[2,196],"154":[198,198],"155":[1,1],"156":[186,10],"157":[2008,186],"158":[2008,0],"159":[7,12],"160":[11],"161":[0,12],"162":[12,1],"163":[1,11],"164":[12,12],"165":[0,11],"166":[213790,209756],"167":[134047,125928],"168":[4043,8124],"169":[12167,6074],"170":[2031,6093],"171":[2041,4052],"172":[12156,119534],"173":[8104,123586],"174":[123586,0],"175":[11,0],"176":[0,0],"177":[0,0],"178":[0,0],"179":[0,0],"180":[0,0],"181":[0,0],"182":[0,0],"183":[0,0],"184":[0,0],"185":[0,0],"186":[0,0],"187":[0,0],"188":[0,0],"189":[0,0],"190":[0,0],"191":[0,0],"192":[0,0],"193":[0,0],"194":[6,2],"195":[0,6],"196":[6,6,6],"197":[5,1],"198":[2,0],"199":[2,2],"200":[4,1],"201":[0,4],"202":[4,4,4],"203":[4,0],"204":[1,0],"205":[1,1],"206":[0],"207":[11,5],"208":[0,11],"209":[1,10],"210":[1,9],"211":[10,10,10],"212":[2,7],"213":[3,4],"214":[0,4],"215":[4,4,4],"216":[4,0],"217":[4,11],"218":[0,0],"219":[5,0],"220":[5,5],"221":[0,0],"222":[0,0],"223":[0,0],"224":[0,0],"225":[0,1],"226":[1,0],"227":[1,1],"228":[0,1],"229":[1,0]},"_coverageSchema":"43e27e138ebf9cfc5966b082cf9a028302ed4184","hash":"7f64a84eded05b9dcc4f24efeef1c96b70bc5871","contentHash":"df1f27358ed3b7598ae06b09b0c94d1c8d125b45eb5d24dc899d5295b0d6891a"}}